created virtual environment CPython3.10.4.final.0-64 in 265ms
  creator CPython3Posix(dest=/gpfs/home3/scur2155/CV2/UVA-CV2-Project/dreamgaussian_env, clear=False, no_vcs_ignore=False, global=False)
  seeder FromAppData(download=False, pip=bundle, setuptools=bundle, wheel=bundle, via=copy, app_data_dir=/gpfs/home3/scur2155/.local/share/virtualenv)
    added seed packages: pip==24.0, setuptools==69.2.0, wheel==0.43.0
  activators BashActivator,CShellActivator,FishActivator,NushellActivator,PowerShellActivator,PythonActivator
Collecting tqdm (from -r requirements.txt (line 1))
  Downloading tqdm-4.66.4-py3-none-any.whl.metadata (57 kB)
     ━━━━━━━━━━━━━━━━━━━━━━━━━━━━━━━━━━━━━━━━ 57.6/57.6 kB 8.9 MB/s eta 0:00:00
Collecting rich (from -r requirements.txt (line 2))
  Using cached rich-13.7.1-py3-none-any.whl.metadata (18 kB)
Collecting ninja (from -r requirements.txt (line 3))
  Using cached ninja-1.11.1.1-py2.py3-none-manylinux1_x86_64.manylinux_2_5_x86_64.whl.metadata (5.3 kB)
Collecting numpy (from -r requirements.txt (line 4))
  Downloading numpy-1.26.4-cp310-cp310-manylinux_2_17_x86_64.manylinux2014_x86_64.whl.metadata (61 kB)
     ━━━━━━━━━━━━━━━━━━━━━━━━━━━━━━━━━━━━━━━━ 61.0/61.0 kB 12.9 MB/s eta 0:00:00
Collecting pandas (from -r requirements.txt (line 5))
  Using cached pandas-2.2.2-cp310-cp310-manylinux_2_17_x86_64.manylinux2014_x86_64.whl.metadata (19 kB)
Collecting scipy (from -r requirements.txt (line 6))
  Using cached scipy-1.13.0-cp310-cp310-manylinux_2_17_x86_64.manylinux2014_x86_64.whl.metadata (60 kB)
Collecting scikit-learn (from -r requirements.txt (line 7))
  Using cached scikit_learn-1.4.2-cp310-cp310-manylinux_2_17_x86_64.manylinux2014_x86_64.whl.metadata (11 kB)
Collecting matplotlib (from -r requirements.txt (line 8))
  Using cached matplotlib-3.8.4-cp310-cp310-manylinux_2_17_x86_64.manylinux2014_x86_64.whl.metadata (5.8 kB)
Collecting opencv-python (from -r requirements.txt (line 9))
  Using cached opencv_python-4.9.0.80-cp37-abi3-manylinux_2_17_x86_64.manylinux2014_x86_64.whl.metadata (20 kB)
Collecting imageio (from -r requirements.txt (line 10))
  Downloading imageio-2.34.1-py3-none-any.whl.metadata (4.9 kB)
Collecting imageio-ffmpeg (from -r requirements.txt (line 11))
  Using cached imageio_ffmpeg-0.4.9-py3-none-manylinux2010_x86_64.whl.metadata (1.7 kB)
Collecting omegaconf (from -r requirements.txt (line 12))
  Using cached omegaconf-2.3.0-py3-none-any.whl.metadata (3.9 kB)
Collecting einops (from -r requirements.txt (line 15))
  Downloading einops-0.8.0-py3-none-any.whl.metadata (12 kB)
Collecting plyfile (from -r requirements.txt (line 16))
  Using cached plyfile-1.0.3-py3-none-any.whl.metadata (2.1 kB)
Collecting pygltflib (from -r requirements.txt (line 17))
  Downloading pygltflib-1.16.2.tar.gz (42 kB)
     ━━━━━━━━━━━━━━━━━━━━━━━━━━━━━━━━━━━━━━━━ 42.5/42.5 kB 7.7 MB/s eta 0:00:00
  Preparing metadata (setup.py): started
  Preparing metadata (setup.py): finished with status 'done'
Collecting dearpygui (from -r requirements.txt (line 20))
  Downloading dearpygui-1.11.1-cp310-cp310-manylinux1_x86_64.whl.metadata (12 kB)
Collecting huggingface_hub (from -r requirements.txt (line 23))
  Downloading huggingface_hub-0.23.0-py3-none-any.whl.metadata (12 kB)
Collecting diffusers (from -r requirements.txt (line 24))
  Using cached diffusers-0.27.2-py3-none-any.whl.metadata (18 kB)
Collecting accelerate (from -r requirements.txt (line 25))
  Downloading accelerate-0.30.0-py3-none-any.whl.metadata (19 kB)
Collecting transformers (from -r requirements.txt (line 26))
  Downloading transformers-4.40.2-py3-none-any.whl.metadata (137 kB)
     ━━━━━━━━━━━━━━━━━━━━━━━━━━━━━━━━━━━━━━ 138.0/138.0 kB 27.5 MB/s eta 0:00:00
Collecting xatlas (from -r requirements.txt (line 29))
  Using cached xatlas-0.0.9-cp310-cp310-manylinux_2_17_x86_64.manylinux2014_x86_64.whl.metadata (4.9 kB)
Collecting trimesh (from -r requirements.txt (line 30))
  Downloading trimesh-4.3.2-py3-none-any.whl.metadata (18 kB)
Collecting PyMCubes (from -r requirements.txt (line 31))
  Using cached PyMCubes-0.1.4-cp310-cp310-manylinux_2_17_x86_64.manylinux2014_x86_64.whl.metadata (863 bytes)
Collecting pymeshlab (from -r requirements.txt (line 32))
  Downloading pymeshlab-2022.2.post3-cp310-cp310-manylinux1_x86_64.whl.metadata (3.4 kB)
Collecting gradio (from -r requirements.txt (line 37))
  Downloading gradio-4.29.0-py3-none-any.whl.metadata (15 kB)
Requirement already satisfied: ipywidgets in /gpfs/admin/_hpc/sw/arch/INTEL-AVX512/RHEL8/EB_production/2022/software/IPython/8.5.0-GCCcore-11.3.0/lib/python3.10/site-packages (from -r requirements.txt (line 40)) (7.7.4)
Collecting blobfile (from -r requirements.txt (line 41))
  Using cached blobfile-2.1.1-py3-none-any.whl.metadata (15 kB)
Collecting rembg[cli,gpu] (from -r requirements.txt (line 34))
  Downloading rembg-2.0.56-py3-none-any.whl.metadata (15 kB)
Collecting markdown-it-py>=2.2.0 (from rich->-r requirements.txt (line 2))
  Using cached markdown_it_py-3.0.0-py3-none-any.whl.metadata (6.9 kB)
Collecting pygments<3.0.0,>=2.13.0 (from rich->-r requirements.txt (line 2))
  Downloading pygments-2.18.0-py3-none-any.whl.metadata (2.5 kB)
Collecting python-dateutil>=2.8.2 (from pandas->-r requirements.txt (line 5))
  Using cached python_dateutil-2.9.0.post0-py2.py3-none-any.whl.metadata (8.4 kB)
Collecting pytz>=2020.1 (from pandas->-r requirements.txt (line 5))
  Using cached pytz-2024.1-py2.py3-none-any.whl.metadata (22 kB)
Collecting tzdata>=2022.7 (from pandas->-r requirements.txt (line 5))
  Using cached tzdata-2024.1-py2.py3-none-any.whl.metadata (1.4 kB)
Collecting joblib>=1.2.0 (from scikit-learn->-r requirements.txt (line 7))
  Downloading joblib-1.4.2-py3-none-any.whl.metadata (5.4 kB)
Collecting threadpoolctl>=2.0.0 (from scikit-learn->-r requirements.txt (line 7))
  Downloading threadpoolctl-3.5.0-py3-none-any.whl.metadata (13 kB)
Collecting contourpy>=1.0.1 (from matplotlib->-r requirements.txt (line 8))
  Using cached contourpy-1.2.1-cp310-cp310-manylinux_2_17_x86_64.manylinux2014_x86_64.whl.metadata (5.8 kB)
Collecting cycler>=0.10 (from matplotlib->-r requirements.txt (line 8))
  Using cached cycler-0.12.1-py3-none-any.whl.metadata (3.8 kB)
Collecting fonttools>=4.22.0 (from matplotlib->-r requirements.txt (line 8))
  Using cached fonttools-4.51.0-cp310-cp310-manylinux_2_17_x86_64.manylinux2014_x86_64.whl.metadata (159 kB)
Collecting kiwisolver>=1.3.1 (from matplotlib->-r requirements.txt (line 8))
  Using cached kiwisolver-1.4.5-cp310-cp310-manylinux_2_12_x86_64.manylinux2010_x86_64.whl.metadata (6.4 kB)
Collecting packaging>=20.0 (from matplotlib->-r requirements.txt (line 8))
  Using cached packaging-24.0-py3-none-any.whl.metadata (3.2 kB)
Collecting pillow>=8 (from matplotlib->-r requirements.txt (line 8))
  Downloading pillow-10.3.0-cp310-cp310-manylinux_2_28_x86_64.whl.metadata (9.2 kB)
Collecting pyparsing>=2.3.1 (from matplotlib->-r requirements.txt (line 8))
  Using cached pyparsing-3.1.2-py3-none-any.whl.metadata (5.1 kB)
Requirement already satisfied: setuptools in ./dreamgaussian_env/lib/python3.10/site-packages (from imageio-ffmpeg->-r requirements.txt (line 11)) (69.2.0)
Collecting antlr4-python3-runtime==4.9.* (from omegaconf->-r requirements.txt (line 12))
  Using cached antlr4_python3_runtime-4.9.3-py3-none-any.whl
Collecting PyYAML>=5.1.0 (from omegaconf->-r requirements.txt (line 12))
  Using cached PyYAML-6.0.1-cp310-cp310-manylinux_2_17_x86_64.manylinux2014_x86_64.whl.metadata (2.1 kB)
Collecting dataclasses-json>=0.0.25 (from pygltflib->-r requirements.txt (line 17))
  Downloading dataclasses_json-0.6.5-py3-none-any.whl.metadata (25 kB)
Collecting deprecated (from pygltflib->-r requirements.txt (line 17))
  Downloading Deprecated-1.2.14-py2.py3-none-any.whl.metadata (5.4 kB)
Collecting filelock (from huggingface_hub->-r requirements.txt (line 23))
  Downloading filelock-3.14.0-py3-none-any.whl.metadata (2.8 kB)
Collecting fsspec>=2023.5.0 (from huggingface_hub->-r requirements.txt (line 23))
  Downloading fsspec-2024.3.1-py3-none-any.whl.metadata (6.8 kB)
Collecting requests (from huggingface_hub->-r requirements.txt (line 23))
  Using cached requests-2.31.0-py3-none-any.whl.metadata (4.6 kB)
Collecting typing-extensions>=3.7.4.3 (from huggingface_hub->-r requirements.txt (line 23))
  Downloading typing_extensions-4.11.0-py3-none-any.whl.metadata (3.0 kB)
Collecting importlib-metadata (from diffusers->-r requirements.txt (line 24))
  Using cached importlib_metadata-7.1.0-py3-none-any.whl.metadata (4.7 kB)
Collecting regex!=2019.12.17 (from diffusers->-r requirements.txt (line 24))
  Downloading regex-2024.4.28-cp310-cp310-manylinux_2_17_x86_64.manylinux2014_x86_64.whl.metadata (40 kB)
     ━━━━━━━━━━━━━━━━━━━━━━━━━━━━━━━━━━━━━━━━ 40.8/40.8 kB 7.4 MB/s eta 0:00:00
Collecting safetensors>=0.3.1 (from diffusers->-r requirements.txt (line 24))
  Using cached safetensors-0.4.3-cp310-cp310-manylinux_2_17_x86_64.manylinux2014_x86_64.whl.metadata (3.8 kB)
Collecting psutil (from accelerate->-r requirements.txt (line 25))
  Using cached psutil-5.9.8-cp36-abi3-manylinux_2_12_x86_64.manylinux2010_x86_64.manylinux_2_17_x86_64.manylinux2014_x86_64.whl.metadata (21 kB)
Collecting torch>=1.10.0 (from accelerate->-r requirements.txt (line 25))
  Downloading torch-2.3.0-cp310-cp310-manylinux1_x86_64.whl.metadata (26 kB)
Collecting tokenizers<0.20,>=0.19 (from transformers->-r requirements.txt (line 26))
  Downloading tokenizers-0.19.1-cp310-cp310-manylinux_2_17_x86_64.manylinux2014_x86_64.whl.metadata (6.7 kB)
Collecting jsonschema (from rembg[cli,gpu]->-r requirements.txt (line 34))
  Downloading jsonschema-4.22.0-py3-none-any.whl.metadata (8.2 kB)
Collecting onnxruntime (from rembg[cli,gpu]->-r requirements.txt (line 34))
  Downloading onnxruntime-1.17.3-cp310-cp310-manylinux_2_27_x86_64.manylinux_2_28_x86_64.whl.metadata (4.4 kB)
Collecting opencv-python-headless (from rembg[cli,gpu]->-r requirements.txt (line 34))
  Using cached opencv_python_headless-4.9.0.80-cp37-abi3-manylinux_2_17_x86_64.manylinux2014_x86_64.whl.metadata (20 kB)
Collecting pooch (from rembg[cli,gpu]->-r requirements.txt (line 34))
  Downloading pooch-1.8.1-py3-none-any.whl.metadata (9.5 kB)
Collecting pymatting (from rembg[cli,gpu]->-r requirements.txt (line 34))
  Downloading PyMatting-1.1.12-py3-none-any.whl.metadata (7.4 kB)
Collecting scikit-image (from rembg[cli,gpu]->-r requirements.txt (line 34))
  Downloading scikit_image-0.23.2-cp310-cp310-manylinux_2_17_x86_64.manylinux2014_x86_64.whl.metadata (14 kB)
Collecting onnxruntime-gpu (from rembg[cli,gpu]->-r requirements.txt (line 34))
  Downloading onnxruntime_gpu-1.17.1-cp310-cp310-manylinux_2_28_x86_64.whl.metadata (4.3 kB)
Collecting aiohttp (from rembg[cli,gpu]->-r requirements.txt (line 34))
  Using cached aiohttp-3.9.5-cp310-cp310-manylinux_2_17_x86_64.manylinux2014_x86_64.whl.metadata (7.5 kB)
Collecting asyncer (from rembg[cli,gpu]->-r requirements.txt (line 34))
  Downloading asyncer-0.0.7-py3-none-any.whl.metadata (6.6 kB)
Collecting click (from rembg[cli,gpu]->-r requirements.txt (line 34))
  Using cached click-8.1.7-py3-none-any.whl.metadata (3.0 kB)
Collecting fastapi (from rembg[cli,gpu]->-r requirements.txt (line 34))
  Downloading fastapi-0.111.0-py3-none-any.whl.metadata (25 kB)
Collecting filetype (from rembg[cli,gpu]->-r requirements.txt (line 34))
  Downloading filetype-1.2.0-py2.py3-none-any.whl.metadata (6.5 kB)
Collecting python-multipart (from rembg[cli,gpu]->-r requirements.txt (line 34))
  Using cached python_multipart-0.0.9-py3-none-any.whl.metadata (2.5 kB)
Collecting uvicorn (from rembg[cli,gpu]->-r requirements.txt (line 34))
  Using cached uvicorn-0.29.0-py3-none-any.whl.metadata (6.3 kB)
Collecting watchdog (from rembg[cli,gpu]->-r requirements.txt (line 34))
  Downloading watchdog-4.0.0-py3-none-manylinux2014_x86_64.whl.metadata (37 kB)
Collecting aiofiles<24.0,>=22.0 (from gradio->-r requirements.txt (line 37))
  Using cached aiofiles-23.2.1-py3-none-any.whl.metadata (9.7 kB)
Collecting altair<6.0,>=4.2.0 (from gradio->-r requirements.txt (line 37))
  Using cached altair-5.3.0-py3-none-any.whl.metadata (9.2 kB)
Collecting ffmpy (from gradio->-r requirements.txt (line 37))
  Using cached ffmpy-0.3.2-py3-none-any.whl
Collecting gradio-client==0.16.1 (from gradio->-r requirements.txt (line 37))
  Downloading gradio_client-0.16.1-py3-none-any.whl.metadata (7.1 kB)
Collecting httpx>=0.24.1 (from gradio->-r requirements.txt (line 37))
  Using cached httpx-0.27.0-py3-none-any.whl.metadata (7.2 kB)
Collecting importlib-resources<7.0,>=1.3 (from gradio->-r requirements.txt (line 37))
  Using cached importlib_resources-6.4.0-py3-none-any.whl.metadata (3.9 kB)
Collecting jinja2<4.0 (from gradio->-r requirements.txt (line 37))
  Downloading jinja2-3.1.4-py3-none-any.whl.metadata (2.6 kB)
Collecting markupsafe~=2.0 (from gradio->-r requirements.txt (line 37))
  Downloading MarkupSafe-2.1.5-cp310-cp310-manylinux_2_17_x86_64.manylinux2014_x86_64.whl.metadata (3.0 kB)
Collecting orjson~=3.0 (from gradio->-r requirements.txt (line 37))
  Downloading orjson-3.10.3-cp310-cp310-manylinux_2_17_x86_64.manylinux2014_x86_64.whl.metadata (49 kB)
     ━━━━━━━━━━━━━━━━━━━━━━━━━━━━━━━━━━━━━━━━ 49.7/49.7 kB 8.2 MB/s eta 0:00:00
Collecting pydantic>=2.0 (from gradio->-r requirements.txt (line 37))
  Downloading pydantic-2.7.1-py3-none-any.whl.metadata (107 kB)
     ━━━━━━━━━━━━━━━━━━━━━━━━━━━━━━━━━━━━━━ 107.3/107.3 kB 19.7 MB/s eta 0:00:00
Collecting pydub (from gradio->-r requirements.txt (line 37))
  Using cached pydub-0.25.1-py2.py3-none-any.whl.metadata (1.4 kB)
Collecting ruff>=0.2.2 (from gradio->-r requirements.txt (line 37))
  Downloading ruff-0.4.3-py3-none-manylinux_2_17_x86_64.manylinux2014_x86_64.whl.metadata (23 kB)
Collecting semantic-version~=2.0 (from gradio->-r requirements.txt (line 37))
  Using cached semantic_version-2.10.0-py2.py3-none-any.whl.metadata (9.7 kB)
Collecting tomlkit==0.12.0 (from gradio->-r requirements.txt (line 37))
  Using cached tomlkit-0.12.0-py3-none-any.whl.metadata (2.7 kB)
Collecting typer<1.0,>=0.12 (from gradio->-r requirements.txt (line 37))
  Using cached typer-0.12.3-py3-none-any.whl.metadata (15 kB)
Collecting urllib3~=2.0 (from gradio->-r requirements.txt (line 37))
  Using cached urllib3-2.2.1-py3-none-any.whl.metadata (6.4 kB)
Collecting websockets<12.0,>=10.0 (from gradio-client==0.16.1->gradio->-r requirements.txt (line 37))
  Using cached websockets-11.0.3-cp310-cp310-manylinux_2_5_x86_64.manylinux1_x86_64.manylinux_2_17_x86_64.manylinux2014_x86_64.whl.metadata (6.6 kB)
Requirement already satisfied: ipython-genutils~=0.2.0 in /gpfs/admin/_hpc/sw/arch/INTEL-AVX512/RHEL8/EB_production/2022/software/IPython/8.5.0-GCCcore-11.3.0/lib/python3.10/site-packages (from ipywidgets->-r requirements.txt (line 40)) (0.2.0)
Requirement already satisfied: traitlets>=4.3.1 in /gpfs/admin/_hpc/sw/arch/INTEL-AVX512/RHEL8/EB_production/2022/software/IPython/8.5.0-GCCcore-11.3.0/lib/python3.10/site-packages (from ipywidgets->-r requirements.txt (line 40)) (5.2.1.post0)
Requirement already satisfied: widgetsnbextension~=3.6.0 in /gpfs/admin/_hpc/sw/arch/INTEL-AVX512/RHEL8/EB_production/2022/software/IPython/8.5.0-GCCcore-11.3.0/lib/python3.10/site-packages (from ipywidgets->-r requirements.txt (line 40)) (3.6.3)
Requirement already satisfied: ipython>=4.0.0 in /gpfs/admin/_hpc/sw/arch/INTEL-AVX512/RHEL8/EB_production/2022/software/IPython/8.5.0-GCCcore-11.3.0/lib/python3.10/site-packages (from ipywidgets->-r requirements.txt (line 40)) (8.5.0)
Requirement already satisfied: jupyterlab-widgets<3,>=1.0.0 in /gpfs/admin/_hpc/sw/arch/INTEL-AVX512/RHEL8/EB_production/2022/software/IPython/8.5.0-GCCcore-11.3.0/lib/python3.10/site-packages (from ipywidgets->-r requirements.txt (line 40)) (1.1.3)
Collecting pycryptodomex~=3.8 (from blobfile->-r requirements.txt (line 41))
  Using cached pycryptodomex-3.20.0-cp35-abi3-manylinux_2_17_x86_64.manylinux2014_x86_64.whl.metadata (3.4 kB)
Requirement already satisfied: lxml~=4.9 in /gpfs/admin/_hpc/sw/arch/INTEL-AVX512/RHEL8/EB_production/2022/software/lxml/4.9.1-GCCcore-11.3.0/lib/python3.10/site-packages (from blobfile->-r requirements.txt (line 41)) (4.9.1)
Collecting toolz (from altair<6.0,>=4.2.0->gradio->-r requirements.txt (line 37))
  Using cached toolz-0.12.1-py3-none-any.whl.metadata (5.1 kB)
Collecting marshmallow<4.0.0,>=3.18.0 (from dataclasses-json>=0.0.25->pygltflib->-r requirements.txt (line 17))
  Downloading marshmallow-3.21.2-py3-none-any.whl.metadata (7.1 kB)
Collecting typing-inspect<1,>=0.4.0 (from dataclasses-json>=0.0.25->pygltflib->-r requirements.txt (line 17))
  Using cached typing_inspect-0.9.0-py3-none-any.whl.metadata (1.5 kB)
Collecting anyio (from httpx>=0.24.1->gradio->-r requirements.txt (line 37))
  Using cached anyio-4.3.0-py3-none-any.whl.metadata (4.6 kB)
Collecting certifi (from httpx>=0.24.1->gradio->-r requirements.txt (line 37))
  Downloading certifi-2024.2.2-py3-none-any.whl.metadata (2.2 kB)
Collecting httpcore==1.* (from httpx>=0.24.1->gradio->-r requirements.txt (line 37))
  Using cached httpcore-1.0.5-py3-none-any.whl.metadata (20 kB)
Collecting idna (from httpx>=0.24.1->gradio->-r requirements.txt (line 37))
  Downloading idna-3.7-py3-none-any.whl.metadata (9.9 kB)
Collecting sniffio (from httpx>=0.24.1->gradio->-r requirements.txt (line 37))
  Using cached sniffio-1.3.1-py3-none-any.whl.metadata (3.9 kB)
Collecting h11<0.15,>=0.13 (from httpcore==1.*->httpx>=0.24.1->gradio->-r requirements.txt (line 37))
  Using cached h11-0.14.0-py3-none-any.whl.metadata (8.2 kB)
Requirement already satisfied: backcall in /gpfs/admin/_hpc/sw/arch/INTEL-AVX512/RHEL8/EB_production/2022/software/IPython/8.5.0-GCCcore-11.3.0/lib/python3.10/site-packages (from ipython>=4.0.0->ipywidgets->-r requirements.txt (line 40)) (0.2.0)
Collecting decorator (from ipython>=4.0.0->ipywidgets->-r requirements.txt (line 40))
  Using cached decorator-5.1.1-py3-none-any.whl.metadata (4.0 kB)
Requirement already satisfied: jedi>=0.16 in /gpfs/admin/_hpc/sw/arch/INTEL-AVX512/RHEL8/EB_production/2022/software/IPython/8.5.0-GCCcore-11.3.0/lib/python3.10/site-packages (from ipython>=4.0.0->ipywidgets->-r requirements.txt (line 40)) (0.18.1)
Requirement already satisfied: matplotlib-inline in /gpfs/admin/_hpc/sw/arch/INTEL-AVX512/RHEL8/EB_production/2022/software/IPython/8.5.0-GCCcore-11.3.0/lib/python3.10/site-packages (from ipython>=4.0.0->ipywidgets->-r requirements.txt (line 40)) (0.1.2)
Requirement already satisfied: pickleshare in /gpfs/admin/_hpc/sw/arch/INTEL-AVX512/RHEL8/EB_production/2022/software/IPython/8.5.0-GCCcore-11.3.0/lib/python3.10/site-packages (from ipython>=4.0.0->ipywidgets->-r requirements.txt (line 40)) (0.7.5)
Requirement already satisfied: prompt-toolkit<3.1.0,>3.0.1 in /gpfs/admin/_hpc/sw/arch/INTEL-AVX512/RHEL8/EB_production/2022/software/IPython/8.5.0-GCCcore-11.3.0/lib/python3.10/site-packages (from ipython>=4.0.0->ipywidgets->-r requirements.txt (line 40)) (3.0.31)
Requirement already satisfied: stack-data in /gpfs/admin/_hpc/sw/arch/INTEL-AVX512/RHEL8/EB_production/2022/software/IPython/8.5.0-GCCcore-11.3.0/lib/python3.10/site-packages (from ipython>=4.0.0->ipywidgets->-r requirements.txt (line 40)) (0.5.0)
Collecting pexpect>4.3 (from ipython>=4.0.0->ipywidgets->-r requirements.txt (line 40))
  Using cached pexpect-4.9.0-py2.py3-none-any.whl.metadata (2.5 kB)
Collecting attrs>=22.2.0 (from jsonschema->rembg[cli,gpu]->-r requirements.txt (line 34))
  Using cached attrs-23.2.0-py3-none-any.whl.metadata (9.5 kB)
Collecting jsonschema-specifications>=2023.03.6 (from jsonschema->rembg[cli,gpu]->-r requirements.txt (line 34))
  Using cached jsonschema_specifications-2023.12.1-py3-none-any.whl.metadata (3.0 kB)
Collecting referencing>=0.28.4 (from jsonschema->rembg[cli,gpu]->-r requirements.txt (line 34))
  Downloading referencing-0.35.1-py3-none-any.whl.metadata (2.8 kB)
Collecting rpds-py>=0.7.1 (from jsonschema->rembg[cli,gpu]->-r requirements.txt (line 34))
  Downloading rpds_py-0.18.1-cp310-cp310-manylinux_2_17_x86_64.manylinux2014_x86_64.whl.metadata (4.1 kB)
Collecting mdurl~=0.1 (from markdown-it-py>=2.2.0->rich->-r requirements.txt (line 2))
  Using cached mdurl-0.1.2-py3-none-any.whl.metadata (1.6 kB)
Collecting annotated-types>=0.4.0 (from pydantic>=2.0->gradio->-r requirements.txt (line 37))
  Using cached annotated_types-0.6.0-py3-none-any.whl.metadata (12 kB)
Collecting pydantic-core==2.18.2 (from pydantic>=2.0->gradio->-r requirements.txt (line 37))
  Downloading pydantic_core-2.18.2-cp310-cp310-manylinux_2_17_x86_64.manylinux2014_x86_64.whl.metadata (6.5 kB)
Collecting six>=1.5 (from python-dateutil>=2.8.2->pandas->-r requirements.txt (line 5))
  Using cached six-1.16.0-py2.py3-none-any.whl.metadata (1.8 kB)
Collecting sympy (from torch>=1.10.0->accelerate->-r requirements.txt (line 25))
  Downloading sympy-1.12-py3-none-any.whl.metadata (12 kB)
Collecting networkx (from torch>=1.10.0->accelerate->-r requirements.txt (line 25))
  Downloading networkx-3.3-py3-none-any.whl.metadata (5.1 kB)
Collecting nvidia-cuda-nvrtc-cu12==12.1.105 (from torch>=1.10.0->accelerate->-r requirements.txt (line 25))
  Downloading nvidia_cuda_nvrtc_cu12-12.1.105-py3-none-manylinux1_x86_64.whl.metadata (1.5 kB)
Collecting nvidia-cuda-runtime-cu12==12.1.105 (from torch>=1.10.0->accelerate->-r requirements.txt (line 25))
  Downloading nvidia_cuda_runtime_cu12-12.1.105-py3-none-manylinux1_x86_64.whl.metadata (1.5 kB)
Collecting nvidia-cuda-cupti-cu12==12.1.105 (from torch>=1.10.0->accelerate->-r requirements.txt (line 25))
  Downloading nvidia_cuda_cupti_cu12-12.1.105-py3-none-manylinux1_x86_64.whl.metadata (1.6 kB)
Collecting nvidia-cudnn-cu12==8.9.2.26 (from torch>=1.10.0->accelerate->-r requirements.txt (line 25))
  Downloading nvidia_cudnn_cu12-8.9.2.26-py3-none-manylinux1_x86_64.whl.metadata (1.6 kB)
Collecting nvidia-cublas-cu12==12.1.3.1 (from torch>=1.10.0->accelerate->-r requirements.txt (line 25))
  Downloading nvidia_cublas_cu12-12.1.3.1-py3-none-manylinux1_x86_64.whl.metadata (1.5 kB)
Collecting nvidia-cufft-cu12==11.0.2.54 (from torch>=1.10.0->accelerate->-r requirements.txt (line 25))
  Downloading nvidia_cufft_cu12-11.0.2.54-py3-none-manylinux1_x86_64.whl.metadata (1.5 kB)
Collecting nvidia-curand-cu12==10.3.2.106 (from torch>=1.10.0->accelerate->-r requirements.txt (line 25))
  Downloading nvidia_curand_cu12-10.3.2.106-py3-none-manylinux1_x86_64.whl.metadata (1.5 kB)
Collecting nvidia-cusolver-cu12==11.4.5.107 (from torch>=1.10.0->accelerate->-r requirements.txt (line 25))
  Downloading nvidia_cusolver_cu12-11.4.5.107-py3-none-manylinux1_x86_64.whl.metadata (1.6 kB)
Collecting nvidia-cusparse-cu12==12.1.0.106 (from torch>=1.10.0->accelerate->-r requirements.txt (line 25))
  Downloading nvidia_cusparse_cu12-12.1.0.106-py3-none-manylinux1_x86_64.whl.metadata (1.6 kB)
Collecting nvidia-nccl-cu12==2.20.5 (from torch>=1.10.0->accelerate->-r requirements.txt (line 25))
  Downloading nvidia_nccl_cu12-2.20.5-py3-none-manylinux2014_x86_64.whl.metadata (1.8 kB)
Collecting nvidia-nvtx-cu12==12.1.105 (from torch>=1.10.0->accelerate->-r requirements.txt (line 25))
  Downloading nvidia_nvtx_cu12-12.1.105-py3-none-manylinux1_x86_64.whl.metadata (1.7 kB)
Collecting triton==2.3.0 (from torch>=1.10.0->accelerate->-r requirements.txt (line 25))
  Downloading triton-2.3.0-cp310-cp310-manylinux_2_17_x86_64.manylinux2014_x86_64.whl.metadata (1.4 kB)
Collecting nvidia-nvjitlink-cu12 (from nvidia-cusolver-cu12==11.4.5.107->torch>=1.10.0->accelerate->-r requirements.txt (line 25))
  Downloading nvidia_nvjitlink_cu12-12.4.127-py3-none-manylinux2014_x86_64.whl.metadata (1.5 kB)
Collecting shellingham>=1.3.0 (from typer<1.0,>=0.12->gradio->-r requirements.txt (line 37))
  Using cached shellingham-1.5.4-py2.py3-none-any.whl.metadata (3.5 kB)
Requirement already satisfied: notebook>=4.4.1 in /gpfs/admin/_hpc/sw/arch/INTEL-AVX512/RHEL8/EB_production/2022/software/IPython/8.5.0-GCCcore-11.3.0/lib/python3.10/site-packages (from widgetsnbextension~=3.6.0->ipywidgets->-r requirements.txt (line 40)) (6.4.0)
Collecting aiosignal>=1.1.2 (from aiohttp->rembg[cli,gpu]->-r requirements.txt (line 34))
  Using cached aiosignal-1.3.1-py3-none-any.whl.metadata (4.0 kB)
Collecting frozenlist>=1.1.1 (from aiohttp->rembg[cli,gpu]->-r requirements.txt (line 34))
  Using cached frozenlist-1.4.1-cp310-cp310-manylinux_2_5_x86_64.manylinux1_x86_64.manylinux_2_17_x86_64.manylinux2014_x86_64.whl.metadata (12 kB)
Collecting multidict<7.0,>=4.5 (from aiohttp->rembg[cli,gpu]->-r requirements.txt (line 34))
  Using cached multidict-6.0.5-cp310-cp310-manylinux_2_17_x86_64.manylinux2014_x86_64.whl.metadata (4.2 kB)
Collecting yarl<2.0,>=1.0 (from aiohttp->rembg[cli,gpu]->-r requirements.txt (line 34))
  Using cached yarl-1.9.4-cp310-cp310-manylinux_2_17_x86_64.manylinux2014_x86_64.whl.metadata (31 kB)
Collecting async-timeout<5.0,>=4.0 (from aiohttp->rembg[cli,gpu]->-r requirements.txt (line 34))
  Using cached async_timeout-4.0.3-py3-none-any.whl.metadata (4.2 kB)
Collecting wrapt<2,>=1.10 (from deprecated->pygltflib->-r requirements.txt (line 17))
  Downloading wrapt-1.16.0-cp310-cp310-manylinux_2_5_x86_64.manylinux1_x86_64.manylinux_2_17_x86_64.manylinux2014_x86_64.whl.metadata (6.6 kB)
Collecting starlette<0.38.0,>=0.37.2 (from fastapi->rembg[cli,gpu]->-r requirements.txt (line 34))
  Using cached starlette-0.37.2-py3-none-any.whl.metadata (5.9 kB)
Collecting fastapi-cli>=0.0.2 (from fastapi->rembg[cli,gpu]->-r requirements.txt (line 34))
  Downloading fastapi_cli-0.0.2-py3-none-any.whl.metadata (6.8 kB)
Collecting ujson!=4.0.2,!=4.1.0,!=4.2.0,!=4.3.0,!=5.0.0,!=5.1.0,>=4.0.1 (from fastapi->rembg[cli,gpu]->-r requirements.txt (line 34))
  Downloading ujson-5.9.0-cp310-cp310-manylinux_2_17_x86_64.manylinux2014_x86_64.whl.metadata (8.7 kB)
Collecting email_validator>=2.0.0 (from fastapi->rembg[cli,gpu]->-r requirements.txt (line 34))
  Downloading email_validator-2.1.1-py3-none-any.whl.metadata (26 kB)
Collecting zipp>=0.5 (from importlib-metadata->diffusers->-r requirements.txt (line 24))
  Using cached zipp-3.18.1-py3-none-any.whl.metadata (3.5 kB)
Collecting coloredlogs (from onnxruntime->rembg[cli,gpu]->-r requirements.txt (line 34))
  Downloading coloredlogs-15.0.1-py2.py3-none-any.whl.metadata (12 kB)
Collecting flatbuffers (from onnxruntime->rembg[cli,gpu]->-r requirements.txt (line 34))
  Downloading flatbuffers-24.3.25-py2.py3-none-any.whl.metadata (850 bytes)
Collecting protobuf (from onnxruntime->rembg[cli,gpu]->-r requirements.txt (line 34))
  Using cached protobuf-5.26.1-cp37-abi3-manylinux2014_x86_64.whl.metadata (592 bytes)
Collecting platformdirs>=2.5.0 (from pooch->rembg[cli,gpu]->-r requirements.txt (line 34))
  Downloading platformdirs-4.2.1-py3-none-any.whl.metadata (11 kB)
Collecting charset-normalizer<4,>=2 (from requests->huggingface_hub->-r requirements.txt (line 23))
  Downloading charset_normalizer-3.3.2-cp310-cp310-manylinux_2_17_x86_64.manylinux2014_x86_64.whl.metadata (33 kB)
Collecting numba!=0.49.0 (from pymatting->rembg[cli,gpu]->-r requirements.txt (line 34))
  Downloading numba-0.59.1-cp310-cp310-manylinux2014_x86_64.manylinux_2_17_x86_64.whl.metadata (2.7 kB)
Collecting tifffile>=2022.8.12 (from scikit-image->rembg[cli,gpu]->-r requirements.txt (line 34))
  Downloading tifffile-2024.5.3-py3-none-any.whl.metadata (31 kB)
Collecting lazy-loader>=0.4 (from scikit-image->rembg[cli,gpu]->-r requirements.txt (line 34))
  Using cached lazy_loader-0.4-py3-none-any.whl.metadata (7.6 kB)
Collecting exceptiongroup>=1.0.2 (from anyio->httpx>=0.24.1->gradio->-r requirements.txt (line 37))
  Using cached exceptiongroup-1.2.1-py3-none-any.whl.metadata (6.6 kB)
Collecting dnspython>=2.0.0 (from email_validator>=2.0.0->fastapi->rembg[cli,gpu]->-r requirements.txt (line 34))
  Downloading dnspython-2.6.1-py3-none-any.whl.metadata (5.8 kB)
Requirement already satisfied: parso<0.9.0,>=0.8.0 in /gpfs/admin/_hpc/sw/arch/INTEL-AVX512/RHEL8/EB_production/2022/software/IPython/8.5.0-GCCcore-11.3.0/lib/python3.10/site-packages (from jedi>=0.16->ipython>=4.0.0->ipywidgets->-r requirements.txt (line 40)) (0.8.3)
Requirement already satisfied: tornado>=6.1 in /gpfs/admin/_hpc/sw/arch/INTEL-AVX512/RHEL8/EB_production/2022/software/IPython/8.5.0-GCCcore-11.3.0/lib/python3.10/site-packages (from notebook>=4.4.1->widgetsnbextension~=3.6.0->ipywidgets->-r requirements.txt (line 40)) (6.2)
Requirement already satisfied: pyzmq>=17 in /gpfs/admin/_hpc/sw/arch/INTEL-AVX512/RHEL8/EB_production/2022/software/IPython/8.5.0-GCCcore-11.3.0/lib/python3.10/site-packages (from notebook>=4.4.1->widgetsnbextension~=3.6.0->ipywidgets->-r requirements.txt (line 40)) (23.2.1)
Requirement already satisfied: argon2-cffi in /gpfs/admin/_hpc/sw/arch/INTEL-AVX512/RHEL8/EB_production/2022/software/IPython/8.5.0-GCCcore-11.3.0/lib/python3.10/site-packages (from notebook>=4.4.1->widgetsnbextension~=3.6.0->ipywidgets->-r requirements.txt (line 40)) (20.1.0)
Requirement already satisfied: jupyter-core>=4.6.1 in /gpfs/admin/_hpc/sw/arch/INTEL-AVX512/RHEL8/EB_production/2022/software/IPython/8.5.0-GCCcore-11.3.0/lib/python3.10/site-packages (from notebook>=4.4.1->widgetsnbextension~=3.6.0->ipywidgets->-r requirements.txt (line 40)) (4.10.0)
Requirement already satisfied: jupyter-client>=5.3.4 in /gpfs/admin/_hpc/sw/arch/INTEL-AVX512/RHEL8/EB_production/2022/software/IPython/8.5.0-GCCcore-11.3.0/lib/python3.10/site-packages (from notebook>=4.4.1->widgetsnbextension~=3.6.0->ipywidgets->-r requirements.txt (line 40)) (7.3.1)
Requirement already satisfied: nbformat in /gpfs/admin/_hpc/sw/arch/INTEL-AVX512/RHEL8/EB_production/2022/software/IPython/8.5.0-GCCcore-11.3.0/lib/python3.10/site-packages (from notebook>=4.4.1->widgetsnbextension~=3.6.0->ipywidgets->-r requirements.txt (line 40)) (5.4.0)
Requirement already satisfied: nbconvert in /gpfs/admin/_hpc/sw/arch/INTEL-AVX512/RHEL8/EB_production/2022/software/IPython/8.5.0-GCCcore-11.3.0/lib/python3.10/site-packages (from notebook>=4.4.1->widgetsnbextension~=3.6.0->ipywidgets->-r requirements.txt (line 40)) (6.5.3)
Requirement already satisfied: ipykernel in /gpfs/admin/_hpc/sw/arch/INTEL-AVX512/RHEL8/EB_production/2022/software/IPython/8.5.0-GCCcore-11.3.0/lib/python3.10/site-packages (from notebook>=4.4.1->widgetsnbextension~=3.6.0->ipywidgets->-r requirements.txt (line 40)) (6.13.0)
Requirement already satisfied: Send2Trash>=1.5.0 in /gpfs/admin/_hpc/sw/arch/INTEL-AVX512/RHEL8/EB_production/2022/software/IPython/8.5.0-GCCcore-11.3.0/lib/python3.10/site-packages (from notebook>=4.4.1->widgetsnbextension~=3.6.0->ipywidgets->-r requirements.txt (line 40)) (1.8.0)
Requirement already satisfied: terminado>=0.8.3 in /gpfs/admin/_hpc/sw/arch/INTEL-AVX512/RHEL8/EB_production/2022/software/IPython/8.5.0-GCCcore-11.3.0/lib/python3.10/site-packages (from notebook>=4.4.1->widgetsnbextension~=3.6.0->ipywidgets->-r requirements.txt (line 40)) (0.13.0)
Requirement already satisfied: prometheus-client in /gpfs/admin/_hpc/sw/arch/INTEL-AVX512/RHEL8/EB_production/2022/software/IPython/8.5.0-GCCcore-11.3.0/lib/python3.10/site-packages (from notebook>=4.4.1->widgetsnbextension~=3.6.0->ipywidgets->-r requirements.txt (line 40)) (0.11.0)
Collecting llvmlite<0.43,>=0.42.0dev0 (from numba!=0.49.0->pymatting->rembg[cli,gpu]->-r requirements.txt (line 34))
  Downloading llvmlite-0.42.0-cp310-cp310-manylinux_2_17_x86_64.manylinux2014_x86_64.whl.metadata (4.8 kB)
Collecting ptyprocess>=0.5 (from pexpect>4.3->ipython>=4.0.0->ipywidgets->-r requirements.txt (line 40))
  Using cached ptyprocess-0.7.0-py2.py3-none-any.whl.metadata (1.3 kB)
Collecting wcwidth (from prompt-toolkit<3.1.0,>3.0.1->ipython>=4.0.0->ipywidgets->-r requirements.txt (line 40))
  Using cached wcwidth-0.2.13-py2.py3-none-any.whl.metadata (14 kB)
Collecting mypy-extensions>=0.3.0 (from typing-inspect<1,>=0.4.0->dataclasses-json>=0.0.25->pygltflib->-r requirements.txt (line 17))
  Using cached mypy_extensions-1.0.0-py3-none-any.whl.metadata (1.1 kB)
Collecting httptools>=0.5.0 (from uvicorn[standard]>=0.12.0->fastapi->rembg[cli,gpu]->-r requirements.txt (line 34))
  Downloading httptools-0.6.1-cp310-cp310-manylinux_2_5_x86_64.manylinux1_x86_64.manylinux_2_17_x86_64.manylinux2014_x86_64.whl.metadata (3.6 kB)
Collecting python-dotenv>=0.13 (from uvicorn[standard]>=0.12.0->fastapi->rembg[cli,gpu]->-r requirements.txt (line 34))
  Downloading python_dotenv-1.0.1-py3-none-any.whl.metadata (23 kB)
Collecting uvloop!=0.15.0,!=0.15.1,>=0.14.0 (from uvicorn[standard]>=0.12.0->fastapi->rembg[cli,gpu]->-r requirements.txt (line 34))
  Downloading uvloop-0.19.0-cp310-cp310-manylinux_2_17_x86_64.manylinux2014_x86_64.whl.metadata (4.9 kB)
Collecting watchfiles>=0.13 (from uvicorn[standard]>=0.12.0->fastapi->rembg[cli,gpu]->-r requirements.txt (line 34))
  Downloading watchfiles-0.21.0-cp310-cp310-manylinux_2_17_x86_64.manylinux2014_x86_64.whl.metadata (4.9 kB)
Collecting humanfriendly>=9.1 (from coloredlogs->onnxruntime->rembg[cli,gpu]->-r requirements.txt (line 34))
  Downloading humanfriendly-10.0-py2.py3-none-any.whl.metadata (9.2 kB)
Requirement already satisfied: executing in /gpfs/admin/_hpc/sw/arch/INTEL-AVX512/RHEL8/EB_production/2022/software/IPython/8.5.0-GCCcore-11.3.0/lib/python3.10/site-packages (from stack-data->ipython>=4.0.0->ipywidgets->-r requirements.txt (line 40)) (1.0.0)
Requirement already satisfied: asttokens in /gpfs/admin/_hpc/sw/arch/INTEL-AVX512/RHEL8/EB_production/2022/software/IPython/8.5.0-GCCcore-11.3.0/lib/python3.10/site-packages (from stack-data->ipython>=4.0.0->ipywidgets->-r requirements.txt (line 40)) (2.0.8)
Requirement already satisfied: pure-eval in /gpfs/admin/_hpc/sw/arch/INTEL-AVX512/RHEL8/EB_production/2022/software/IPython/8.5.0-GCCcore-11.3.0/lib/python3.10/site-packages (from stack-data->ipython>=4.0.0->ipywidgets->-r requirements.txt (line 40)) (0.2.2)
Collecting mpmath>=0.19 (from sympy->torch>=1.10.0->accelerate->-r requirements.txt (line 25))
  Downloading mpmath-1.3.0-py3-none-any.whl.metadata (8.6 kB)
Requirement already satisfied: entrypoints in /gpfs/admin/_hpc/sw/arch/INTEL-AVX512/RHEL8/EB_production/2022/software/IPython/8.5.0-GCCcore-11.3.0/lib/python3.10/site-packages (from jupyter-client>=5.3.4->notebook>=4.4.1->widgetsnbextension~=3.6.0->ipywidgets->-r requirements.txt (line 40)) (0.4)
Requirement already satisfied: nest-asyncio>=1.5.4 in /gpfs/admin/_hpc/sw/arch/INTEL-AVX512/RHEL8/EB_production/2022/software/IPython/8.5.0-GCCcore-11.3.0/lib/python3.10/site-packages (from jupyter-client>=5.3.4->notebook>=4.4.1->widgetsnbextension~=3.6.0->ipywidgets->-r requirements.txt (line 40)) (1.5.5)
Collecting cffi>=1.0.0 (from argon2-cffi->notebook>=4.4.1->widgetsnbextension~=3.6.0->ipywidgets->-r requirements.txt (line 40))
  Downloading cffi-1.16.0-cp310-cp310-manylinux_2_17_x86_64.manylinux2014_x86_64.whl.metadata (1.5 kB)
Requirement already satisfied: debugpy>=1.0 in /gpfs/admin/_hpc/sw/arch/INTEL-AVX512/RHEL8/EB_production/2022/software/IPython/8.5.0-GCCcore-11.3.0/lib/python3.10/site-packages (from ipykernel->notebook>=4.4.1->widgetsnbextension~=3.6.0->ipywidgets->-r requirements.txt (line 40)) (1.4.1)
Requirement already satisfied: beautifulsoup4 in /gpfs/admin/_hpc/sw/arch/INTEL-AVX512/RHEL8/EB_production/2022/software/BeautifulSoup/4.10.0-GCCcore-11.3.0/lib/python3.10/site-packages (from nbconvert->notebook>=4.4.1->widgetsnbextension~=3.6.0->ipywidgets->-r requirements.txt (line 40)) (4.10.0)
Requirement already satisfied: bleach in /gpfs/admin/_hpc/sw/arch/INTEL-AVX512/RHEL8/EB_production/2022/software/IPython/8.5.0-GCCcore-11.3.0/lib/python3.10/site-packages (from nbconvert->notebook>=4.4.1->widgetsnbextension~=3.6.0->ipywidgets->-r requirements.txt (line 40)) (5.0.1)
Requirement already satisfied: defusedxml in /gpfs/admin/_hpc/sw/arch/INTEL-AVX512/RHEL8/EB_production/2022/software/IPython/8.5.0-GCCcore-11.3.0/lib/python3.10/site-packages (from nbconvert->notebook>=4.4.1->widgetsnbextension~=3.6.0->ipywidgets->-r requirements.txt (line 40)) (0.7.1)
Requirement already satisfied: jupyterlab-pygments in /gpfs/admin/_hpc/sw/arch/INTEL-AVX512/RHEL8/EB_production/2022/software/IPython/8.5.0-GCCcore-11.3.0/lib/python3.10/site-packages (from nbconvert->notebook>=4.4.1->widgetsnbextension~=3.6.0->ipywidgets->-r requirements.txt (line 40)) (0.1.2)
Requirement already satisfied: mistune<2,>=0.8.1 in /gpfs/admin/_hpc/sw/arch/INTEL-AVX512/RHEL8/EB_production/2022/software/IPython/8.5.0-GCCcore-11.3.0/lib/python3.10/site-packages (from nbconvert->notebook>=4.4.1->widgetsnbextension~=3.6.0->ipywidgets->-r requirements.txt (line 40)) (0.8.1)
Requirement already satisfied: nbclient>=0.5.0 in /gpfs/admin/_hpc/sw/arch/INTEL-AVX512/RHEL8/EB_production/2022/software/IPython/8.5.0-GCCcore-11.3.0/lib/python3.10/site-packages (from nbconvert->notebook>=4.4.1->widgetsnbextension~=3.6.0->ipywidgets->-r requirements.txt (line 40)) (0.6.3)
Requirement already satisfied: pandocfilters>=1.4.1 in /gpfs/admin/_hpc/sw/arch/INTEL-AVX512/RHEL8/EB_production/2022/software/IPython/8.5.0-GCCcore-11.3.0/lib/python3.10/site-packages (from nbconvert->notebook>=4.4.1->widgetsnbextension~=3.6.0->ipywidgets->-r requirements.txt (line 40)) (1.5.0)
Requirement already satisfied: tinycss2 in /gpfs/admin/_hpc/sw/arch/INTEL-AVX512/RHEL8/EB_production/2022/software/IPython/8.5.0-GCCcore-11.3.0/lib/python3.10/site-packages (from nbconvert->notebook>=4.4.1->widgetsnbextension~=3.6.0->ipywidgets->-r requirements.txt (line 40)) (1.1.1)
Requirement already satisfied: fastjsonschema in /gpfs/admin/_hpc/sw/arch/INTEL-AVX512/RHEL8/EB_production/2022/software/IPython/8.5.0-GCCcore-11.3.0/lib/python3.10/site-packages (from nbformat->notebook>=4.4.1->widgetsnbextension~=3.6.0->ipywidgets->-r requirements.txt (line 40)) (2.16.1)
Collecting pycparser (from cffi>=1.0.0->argon2-cffi->notebook>=4.4.1->widgetsnbextension~=3.6.0->ipywidgets->-r requirements.txt (line 40))
  Downloading pycparser-2.22-py3-none-any.whl.metadata (943 bytes)
Requirement already satisfied: soupsieve>1.2 in /gpfs/admin/_hpc/sw/arch/INTEL-AVX512/RHEL8/EB_production/2022/software/BeautifulSoup/4.10.0-GCCcore-11.3.0/lib/python3.10/site-packages (from beautifulsoup4->nbconvert->notebook>=4.4.1->widgetsnbextension~=3.6.0->ipywidgets->-r requirements.txt (line 40)) (2.3.1)
Collecting webencodings (from bleach->nbconvert->notebook>=4.4.1->widgetsnbextension~=3.6.0->ipywidgets->-r requirements.txt (line 40))
  Downloading webencodings-0.5.1-py2.py3-none-any.whl.metadata (2.1 kB)
Downloading tqdm-4.66.4-py3-none-any.whl (78 kB)
   ━━━━━━━━━━━━━━━━━━━━━━━━━━━━━━━━━━━━━━━━ 78.3/78.3 kB 15.3 MB/s eta 0:00:00
Using cached rich-13.7.1-py3-none-any.whl (240 kB)
Using cached ninja-1.11.1.1-py2.py3-none-manylinux1_x86_64.manylinux_2_5_x86_64.whl (307 kB)
Downloading numpy-1.26.4-cp310-cp310-manylinux_2_17_x86_64.manylinux2014_x86_64.whl (18.2 MB)
   ━━━━━━━━━━━━━━━━━━━━━━━━━━━━━━━━━━━━━━━━ 18.2/18.2 MB 40.1 MB/s eta 0:00:00
Using cached pandas-2.2.2-cp310-cp310-manylinux_2_17_x86_64.manylinux2014_x86_64.whl (13.0 MB)
Using cached scipy-1.13.0-cp310-cp310-manylinux_2_17_x86_64.manylinux2014_x86_64.whl (38.6 MB)
Using cached scikit_learn-1.4.2-cp310-cp310-manylinux_2_17_x86_64.manylinux2014_x86_64.whl (12.1 MB)
Using cached matplotlib-3.8.4-cp310-cp310-manylinux_2_17_x86_64.manylinux2014_x86_64.whl (11.6 MB)
Using cached opencv_python-4.9.0.80-cp37-abi3-manylinux_2_17_x86_64.manylinux2014_x86_64.whl (62.2 MB)
Downloading imageio-2.34.1-py3-none-any.whl (313 kB)
   ━━━━━━━━━━━━━━━━━━━━━━━━━━━━━━━━━━━━━━━━ 313.5/313.5 kB 46.1 MB/s eta 0:00:00
Using cached imageio_ffmpeg-0.4.9-py3-none-manylinux2010_x86_64.whl (26.9 MB)
Using cached omegaconf-2.3.0-py3-none-any.whl (79 kB)
Downloading einops-0.8.0-py3-none-any.whl (43 kB)
   ━━━━━━━━━━━━━━━━━━━━━━━━━━━━━━━━━━━━━━━━ 43.2/43.2 kB 8.1 MB/s eta 0:00:00
Using cached plyfile-1.0.3-py3-none-any.whl (23 kB)
Downloading dearpygui-1.11.1-cp310-cp310-manylinux1_x86_64.whl (2.8 MB)
   ━━━━━━━━━━━━━━━━━━━━━━━━━━━━━━━━━━━━━━━━ 2.8/2.8 MB 71.8 MB/s eta 0:00:00
Downloading huggingface_hub-0.23.0-py3-none-any.whl (401 kB)
   ━━━━━━━━━━━━━━━━━━━━━━━━━━━━━━━━━━━━━━━━ 401.2/401.2 kB 59.3 MB/s eta 0:00:00
Using cached diffusers-0.27.2-py3-none-any.whl (2.0 MB)
Downloading accelerate-0.30.0-py3-none-any.whl (302 kB)
   ━━━━━━━━━━━━━━━━━━━━━━━━━━━━━━━━━━━━━━━━ 302.4/302.4 kB 49.9 MB/s eta 0:00:00
Downloading transformers-4.40.2-py3-none-any.whl (9.0 MB)
   ━━━━━━━━━━━━━━━━━━━━━━━━━━━━━━━━━━━━━━━━ 9.0/9.0 MB 164.5 MB/s eta 0:00:00
Using cached xatlas-0.0.9-cp310-cp310-manylinux_2_17_x86_64.manylinux2014_x86_64.whl (230 kB)
Downloading trimesh-4.3.2-py3-none-any.whl (693 kB)
   ━━━━━━━━━━━━━━━━━━━━━━━━━━━━━━━━━━━━━━━━ 693.9/693.9 kB 80.0 MB/s eta 0:00:00
Using cached PyMCubes-0.1.4-cp310-cp310-manylinux_2_17_x86_64.manylinux2014_x86_64.whl (274 kB)
Downloading pymeshlab-2022.2.post3-cp310-cp310-manylinux1_x86_64.whl (59.4 MB)
   ━━━━━━━━━━━━━━━━━━━━━━━━━━━━━━━━━━━━━━━━ 59.4/59.4 MB 6.3 MB/s eta 0:00:00
Downloading gradio-4.29.0-py3-none-any.whl (12.3 MB)
   ━━━━━━━━━━━━━━━━━━━━━━━━━━━━━━━━━━━━━━━━ 12.3/12.3 MB 180.5 MB/s eta 0:00:00
Downloading gradio_client-0.16.1-py3-none-any.whl (314 kB)
   ━━━━━━━━━━━━━━━━━━━━━━━━━━━━━━━━━━━━━━━━ 314.6/314.6 kB 48.6 MB/s eta 0:00:00
Using cached tomlkit-0.12.0-py3-none-any.whl (37 kB)
Using cached blobfile-2.1.1-py3-none-any.whl (73 kB)
Using cached aiofiles-23.2.1-py3-none-any.whl (15 kB)
Using cached altair-5.3.0-py3-none-any.whl (857 kB)
Using cached contourpy-1.2.1-cp310-cp310-manylinux_2_17_x86_64.manylinux2014_x86_64.whl (305 kB)
Using cached cycler-0.12.1-py3-none-any.whl (8.3 kB)
Downloading dataclasses_json-0.6.5-py3-none-any.whl (28 kB)
Downloading filelock-3.14.0-py3-none-any.whl (12 kB)
Using cached fonttools-4.51.0-cp310-cp310-manylinux_2_17_x86_64.manylinux2014_x86_64.whl (4.6 MB)
Downloading fsspec-2024.3.1-py3-none-any.whl (171 kB)
   ━━━━━━━━━━━━━━━━━━━━━━━━━━━━━━━━━━━━━━━━ 172.0/172.0 kB 32.9 MB/s eta 0:00:00
Using cached httpx-0.27.0-py3-none-any.whl (75 kB)
Using cached httpcore-1.0.5-py3-none-any.whl (77 kB)
Using cached importlib_resources-6.4.0-py3-none-any.whl (38 kB)
Downloading jinja2-3.1.4-py3-none-any.whl (133 kB)
   ━━━━━━━━━━━━━━━━━━━━━━━━━━━━━━━━━━━━━━━━ 133.3/133.3 kB 25.6 MB/s eta 0:00:00
Downloading joblib-1.4.2-py3-none-any.whl (301 kB)
   ━━━━━━━━━━━━━━━━━━━━━━━━━━━━━━━━━━━━━━━━ 301.8/301.8 kB 50.4 MB/s eta 0:00:00
Downloading jsonschema-4.22.0-py3-none-any.whl (88 kB)
   ━━━━━━━━━━━━━━━━━━━━━━━━━━━━━━━━━━━━━━━━ 88.3/88.3 kB 19.5 MB/s eta 0:00:00
Using cached kiwisolver-1.4.5-cp310-cp310-manylinux_2_12_x86_64.manylinux2010_x86_64.whl (1.6 MB)
Using cached markdown_it_py-3.0.0-py3-none-any.whl (87 kB)
Downloading MarkupSafe-2.1.5-cp310-cp310-manylinux_2_17_x86_64.manylinux2014_x86_64.whl (25 kB)
Downloading orjson-3.10.3-cp310-cp310-manylinux_2_17_x86_64.manylinux2014_x86_64.whl (142 kB)
   ━━━━━━━━━━━━━━━━━━━━━━━━━━━━━━━━━━━━━━━━ 142.5/142.5 kB 29.0 MB/s eta 0:00:00
Using cached packaging-24.0-py3-none-any.whl (53 kB)
Downloading pillow-10.3.0-cp310-cp310-manylinux_2_28_x86_64.whl (4.5 MB)
   ━━━━━━━━━━━━━━━━━━━━━━━━━━━━━━━━━━━━━━━━ 4.5/4.5 MB 93.1 MB/s eta 0:00:00
Using cached pycryptodomex-3.20.0-cp35-abi3-manylinux_2_17_x86_64.manylinux2014_x86_64.whl (2.1 MB)
Downloading pydantic-2.7.1-py3-none-any.whl (409 kB)
   ━━━━━━━━━━━━━━━━━━━━━━━━━━━━━━━━━━━━━━━━ 409.3/409.3 kB 62.3 MB/s eta 0:00:00
Downloading pydantic_core-2.18.2-cp310-cp310-manylinux_2_17_x86_64.manylinux2014_x86_64.whl (2.1 MB)
   ━━━━━━━━━━━━━━━━━━━━━━━━━━━━━━━━━━━━━━━━ 2.1/2.1 MB 117.8 MB/s eta 0:00:00
Downloading pygments-2.18.0-py3-none-any.whl (1.2 MB)
   ━━━━━━━━━━━━━━━━━━━━━━━━━━━━━━━━━━━━━━━━ 1.2/1.2 MB 100.8 MB/s eta 0:00:00
Using cached pyparsing-3.1.2-py3-none-any.whl (103 kB)
Using cached python_dateutil-2.9.0.post0-py2.py3-none-any.whl (229 kB)
Using cached python_multipart-0.0.9-py3-none-any.whl (22 kB)
Using cached pytz-2024.1-py2.py3-none-any.whl (505 kB)
Using cached PyYAML-6.0.1-cp310-cp310-manylinux_2_17_x86_64.manylinux2014_x86_64.whl (705 kB)
Downloading regex-2024.4.28-cp310-cp310-manylinux_2_17_x86_64.manylinux2014_x86_64.whl (774 kB)
   ━━━━━━━━━━━━━━━━━━━━━━━━━━━━━━━━━━━━━━━━ 774.1/774.1 kB 91.1 MB/s eta 0:00:00
Downloading ruff-0.4.3-py3-none-manylinux_2_17_x86_64.manylinux2014_x86_64.whl (8.7 MB)
   ━━━━━━━━━━━━━━━━━━━━━━━━━━━━━━━━━━━━━━━━ 8.7/8.7 MB 174.6 MB/s eta 0:00:00
Using cached safetensors-0.4.3-cp310-cp310-manylinux_2_17_x86_64.manylinux2014_x86_64.whl (1.2 MB)
Using cached semantic_version-2.10.0-py2.py3-none-any.whl (15 kB)
Downloading threadpoolctl-3.5.0-py3-none-any.whl (18 kB)
Downloading tokenizers-0.19.1-cp310-cp310-manylinux_2_17_x86_64.manylinux2014_x86_64.whl (3.6 MB)
   ━━━━━━━━━━━━━━━━━━━━━━━━━━━━━━━━━━━━━━━━ 3.6/3.6 MB 55.2 MB/s eta 0:00:00
Downloading torch-2.3.0-cp310-cp310-manylinux1_x86_64.whl (779.1 MB)
   ━━━━━━━━━━━━━━━━━━━━━━━━━━━━━━━━━━━━━━━━ 779.1/779.1 MB 3.8 MB/s eta 0:00:00
Downloading nvidia_cublas_cu12-12.1.3.1-py3-none-manylinux1_x86_64.whl (410.6 MB)
   ━━━━━━━━━━━━━━━━━━━━━━━━━━━━━━━━━━━━━━━━ 410.6/410.6 MB 9.5 MB/s eta 0:00:00
Downloading nvidia_cuda_cupti_cu12-12.1.105-py3-none-manylinux1_x86_64.whl (14.1 MB)
   ━━━━━━━━━━━━━━━━━━━━━━━━━━━━━━━━━━━━━━━━ 14.1/14.1 MB 28.7 MB/s eta 0:00:00
Downloading nvidia_cuda_nvrtc_cu12-12.1.105-py3-none-manylinux1_x86_64.whl (23.7 MB)
   ━━━━━━━━━━━━━━━━━━━━━━━━━━━━━━━━━━━━━━━━ 23.7/23.7 MB 34.4 MB/s eta 0:00:00
Downloading nvidia_cuda_runtime_cu12-12.1.105-py3-none-manylinux1_x86_64.whl (823 kB)
   ━━━━━━━━━━━━━━━━━━━━━━━━━━━━━━━━━━━━━━━━ 823.6/823.6 kB 79.8 MB/s eta 0:00:00
Downloading nvidia_cudnn_cu12-8.9.2.26-py3-none-manylinux1_x86_64.whl (731.7 MB)
   ━━━━━━━━━━━━━━━━━━━━━━━━━━━━━━━━━━━━━━━━ 731.7/731.7 MB 5.6 MB/s eta 0:00:00
Downloading nvidia_cufft_cu12-11.0.2.54-py3-none-manylinux1_x86_64.whl (121.6 MB)
   ━━━━━━━━━━━━━━━━━━━━━━━━━━━━━━━━━━━━━━━━ 121.6/121.6 MB 20.6 MB/s eta 0:00:00
Downloading nvidia_curand_cu12-10.3.2.106-py3-none-manylinux1_x86_64.whl (56.5 MB)
   ━━━━━━━━━━━━━━━━━━━━━━━━━━━━━━━━━━━━━━━━ 56.5/56.5 MB 48.3 MB/s eta 0:00:00
Downloading nvidia_cusolver_cu12-11.4.5.107-py3-none-manylinux1_x86_64.whl (124.2 MB)
   ━━━━━━━━━━━━━━━━━━━━━━━━━━━━━━━━━━━━━━━━ 124.2/124.2 MB 34.5 MB/s eta 0:00:00
Downloading nvidia_cusparse_cu12-12.1.0.106-py3-none-manylinux1_x86_64.whl (196.0 MB)
   ━━━━━━━━━━━━━━━━━━━━━━━━━━━━━━━━━━━━━━━━ 196.0/196.0 MB 15.4 MB/s eta 0:00:00
Downloading nvidia_nccl_cu12-2.20.5-py3-none-manylinux2014_x86_64.whl (176.2 MB)
   ━━━━━━━━━━━━━━━━━━━━━━━━━━━━━━━━━━━━━━━━ 176.2/176.2 MB 24.5 MB/s eta 0:00:00
Downloading nvidia_nvtx_cu12-12.1.105-py3-none-manylinux1_x86_64.whl (99 kB)
   ━━━━━━━━━━━━━━━━━━━━━━━━━━━━━━━━━━━━━━━━ 99.1/99.1 kB 353.1 kB/s eta 0:00:00
Downloading triton-2.3.0-cp310-cp310-manylinux_2_17_x86_64.manylinux2014_x86_64.whl (168.1 MB)
   ━━━━━━━━━━━━━━━━━━━━━━━━━━━━━━━━━━━━━━━━ 168.1/168.1 MB 25.0 MB/s eta 0:00:00
Using cached typer-0.12.3-py3-none-any.whl (47 kB)
Using cached click-8.1.7-py3-none-any.whl (97 kB)
Downloading typing_extensions-4.11.0-py3-none-any.whl (34 kB)
Using cached tzdata-2024.1-py2.py3-none-any.whl (345 kB)
Using cached urllib3-2.2.1-py3-none-any.whl (121 kB)
Using cached uvicorn-0.29.0-py3-none-any.whl (60 kB)
Using cached aiohttp-3.9.5-cp310-cp310-manylinux_2_17_x86_64.manylinux2014_x86_64.whl (1.2 MB)
Downloading asyncer-0.0.7-py3-none-any.whl (8.5 kB)
Downloading Deprecated-1.2.14-py2.py3-none-any.whl (9.6 kB)
Downloading fastapi-0.111.0-py3-none-any.whl (91 kB)
   ━━━━━━━━━━━━━━━━━━━━━━━━━━━━━━━━━━━━━━━━ 92.0/92.0 kB 19.6 MB/s eta 0:00:00
Downloading filetype-1.2.0-py2.py3-none-any.whl (19 kB)
Using cached importlib_metadata-7.1.0-py3-none-any.whl (24 kB)
Downloading onnxruntime-1.17.3-cp310-cp310-manylinux_2_27_x86_64.manylinux_2_28_x86_64.whl (6.8 MB)
   ━━━━━━━━━━━━━━━━━━━━━━━━━━━━━━━━━━━━━━━━ 6.8/6.8 MB 159.3 MB/s eta 0:00:00
Downloading onnxruntime_gpu-1.17.1-cp310-cp310-manylinux_2_28_x86_64.whl (192.1 MB)
   ━━━━━━━━━━━━━━━━━━━━━━━━━━━━━━━━━━━━━━━━ 192.1/192.1 MB 16.7 MB/s eta 0:00:00
Using cached opencv_python_headless-4.9.0.80-cp37-abi3-manylinux_2_17_x86_64.manylinux2014_x86_64.whl (49.6 MB)
Downloading pooch-1.8.1-py3-none-any.whl (62 kB)
   ━━━━━━━━━━━━━━━━━━━━━━━━━━━━━━━━━━━━━━━━ 63.0/63.0 kB 10.4 MB/s eta 0:00:00
Using cached requests-2.31.0-py3-none-any.whl (62 kB)
Using cached psutil-5.9.8-cp36-abi3-manylinux_2_12_x86_64.manylinux2010_x86_64.manylinux_2_17_x86_64.manylinux2014_x86_64.whl (288 kB)
Using cached pydub-0.25.1-py2.py3-none-any.whl (32 kB)
Downloading PyMatting-1.1.12-py3-none-any.whl (52 kB)
   ━━━━━━━━━━━━━━━━━━━━━━━━━━━━━━━━━━━━━━━━ 53.0/53.0 kB 10.5 MB/s eta 0:00:00
Downloading rembg-2.0.56-py3-none-any.whl (32 kB)
Downloading scikit_image-0.23.2-cp310-cp310-manylinux_2_17_x86_64.manylinux2014_x86_64.whl (14.7 MB)
   ━━━━━━━━━━━━━━━━━━━━━━━━━━━━━━━━━━━━━━━━ 14.7/14.7 MB 129.8 MB/s eta 0:00:00
Downloading watchdog-4.0.0-py3-none-manylinux2014_x86_64.whl (82 kB)
   ━━━━━━━━━━━━━━━━━━━━━━━━━━━━━━━━━━━━━━━━ 83.0/83.0 kB 16.5 MB/s eta 0:00:00
Using cached aiosignal-1.3.1-py3-none-any.whl (7.6 kB)
Using cached annotated_types-0.6.0-py3-none-any.whl (12 kB)
Using cached anyio-4.3.0-py3-none-any.whl (85 kB)
Using cached async_timeout-4.0.3-py3-none-any.whl (5.7 kB)
Using cached attrs-23.2.0-py3-none-any.whl (60 kB)
Downloading certifi-2024.2.2-py3-none-any.whl (163 kB)
   ━━━━━━━━━━━━━━━━━━━━━━━━━━━━━━━━━━━━━━━━ 163.8/163.8 kB 28.6 MB/s eta 0:00:00
Downloading charset_normalizer-3.3.2-cp310-cp310-manylinux_2_17_x86_64.manylinux2014_x86_64.whl (142 kB)
   ━━━━━━━━━━━━━━━━━━━━━━━━━━━━━━━━━━━━━━━━ 142.1/142.1 kB 25.7 MB/s eta 0:00:00
Downloading email_validator-2.1.1-py3-none-any.whl (30 kB)
Downloading fastapi_cli-0.0.2-py3-none-any.whl (9.1 kB)
Using cached frozenlist-1.4.1-cp310-cp310-manylinux_2_5_x86_64.manylinux1_x86_64.manylinux_2_17_x86_64.manylinux2014_x86_64.whl (239 kB)
Using cached h11-0.14.0-py3-none-any.whl (58 kB)
Downloading idna-3.7-py3-none-any.whl (66 kB)
   ━━━━━━━━━━━━━━━━━━━━━━━━━━━━━━━━━━━━━━━━ 66.8/66.8 kB 14.1 MB/s eta 0:00:00
Using cached jsonschema_specifications-2023.12.1-py3-none-any.whl (18 kB)
Using cached lazy_loader-0.4-py3-none-any.whl (12 kB)
Downloading marshmallow-3.21.2-py3-none-any.whl (49 kB)
   ━━━━━━━━━━━━━━━━━━━━━━━━━━━━━━━━━━━━━━━━ 49.3/49.3 kB 9.9 MB/s eta 0:00:00
Using cached mdurl-0.1.2-py3-none-any.whl (10.0 kB)
Using cached multidict-6.0.5-cp310-cp310-manylinux_2_17_x86_64.manylinux2014_x86_64.whl (124 kB)
Downloading networkx-3.3-py3-none-any.whl (1.7 MB)
   ━━━━━━━━━━━━━━━━━━━━━━━━━━━━━━━━━━━━━━━━ 1.7/1.7 MB 114.0 MB/s eta 0:00:00
Downloading numba-0.59.1-cp310-cp310-manylinux2014_x86_64.manylinux_2_17_x86_64.whl (3.7 MB)
   ━━━━━━━━━━━━━━━━━━━━━━━━━━━━━━━━━━━━━━━━ 3.7/3.7 MB 51.8 MB/s eta 0:00:00
Using cached pexpect-4.9.0-py2.py3-none-any.whl (63 kB)
Downloading platformdirs-4.2.1-py3-none-any.whl (17 kB)
Downloading referencing-0.35.1-py3-none-any.whl (26 kB)
Downloading rpds_py-0.18.1-cp310-cp310-manylinux_2_17_x86_64.manylinux2014_x86_64.whl (1.1 MB)
   ━━━━━━━━━━━━━━━━━━━━━━━━━━━━━━━━━━━━━━━━ 1.1/1.1 MB 92.4 MB/s eta 0:00:00
Using cached shellingham-1.5.4-py2.py3-none-any.whl (9.8 kB)
Using cached six-1.16.0-py2.py3-none-any.whl (11 kB)
Using cached sniffio-1.3.1-py3-none-any.whl (10 kB)
Using cached starlette-0.37.2-py3-none-any.whl (71 kB)
Downloading tifffile-2024.5.3-py3-none-any.whl (225 kB)
   ━━━━━━━━━━━━━━━━━━━━━━━━━━━━━━━━━━━━━━━━ 225.3/225.3 kB 43.5 MB/s eta 0:00:00
Using cached typing_inspect-0.9.0-py3-none-any.whl (8.8 kB)
Downloading ujson-5.9.0-cp310-cp310-manylinux_2_17_x86_64.manylinux2014_x86_64.whl (53 kB)
   ━━━━━━━━━━━━━━━━━━━━━━━━━━━━━━━━━━━━━━━━ 53.2/53.2 kB 8.8 MB/s eta 0:00:00
Using cached websockets-11.0.3-cp310-cp310-manylinux_2_5_x86_64.manylinux1_x86_64.manylinux_2_17_x86_64.manylinux2014_x86_64.whl (129 kB)
Downloading wrapt-1.16.0-cp310-cp310-manylinux_2_5_x86_64.manylinux1_x86_64.manylinux_2_17_x86_64.manylinux2014_x86_64.whl (80 kB)
   ━━━━━━━━━━━━━━━━━━━━━━━━━━━━━━━━━━━━━━━━ 80.3/80.3 kB 15.7 MB/s eta 0:00:00
Using cached yarl-1.9.4-cp310-cp310-manylinux_2_17_x86_64.manylinux2014_x86_64.whl (301 kB)
Using cached zipp-3.18.1-py3-none-any.whl (8.2 kB)
Downloading coloredlogs-15.0.1-py2.py3-none-any.whl (46 kB)
   ━━━━━━━━━━━━━━━━━━━━━━━━━━━━━━━━━━━━━━━━ 46.0/46.0 kB 8.5 MB/s eta 0:00:00
Using cached decorator-5.1.1-py3-none-any.whl (9.1 kB)
Downloading flatbuffers-24.3.25-py2.py3-none-any.whl (26 kB)
Downloading protobuf-5.26.1-cp37-abi3-manylinux2014_x86_64.whl (302 kB)
   ━━━━━━━━━━━━━━━━━━━━━━━━━━━━━━━━━━━━━━━━ 302.8/302.8 kB 47.6 MB/s eta 0:00:00
Downloading sympy-1.12-py3-none-any.whl (5.7 MB)
   ━━━━━━━━━━━━━━━━━━━━━━━━━━━━━━━━━━━━━━━━ 5.7/5.7 MB 164.9 MB/s eta 0:00:00
Using cached toolz-0.12.1-py3-none-any.whl (56 kB)
Downloading dnspython-2.6.1-py3-none-any.whl (307 kB)
   ━━━━━━━━━━━━━━━━━━━━━━━━━━━━━━━━━━━━━━━━ 307.7/307.7 kB 53.5 MB/s eta 0:00:00
Using cached exceptiongroup-1.2.1-py3-none-any.whl (16 kB)
Downloading httptools-0.6.1-cp310-cp310-manylinux_2_5_x86_64.manylinux1_x86_64.manylinux_2_17_x86_64.manylinux2014_x86_64.whl (341 kB)
   ━━━━━━━━━━━━━━━━━━━━━━━━━━━━━━━━━━━━━━━━ 341.4/341.4 kB 53.2 MB/s eta 0:00:00
Downloading humanfriendly-10.0-py2.py3-none-any.whl (86 kB)
   ━━━━━━━━━━━━━━━━━━━━━━━━━━━━━━━━━━━━━━━━ 86.8/86.8 kB 16.7 MB/s eta 0:00:00
Downloading llvmlite-0.42.0-cp310-cp310-manylinux_2_17_x86_64.manylinux2014_x86_64.whl (43.8 MB)
   ━━━━━━━━━━━━━━━━━━━━━━━━━━━━━━━━━━━━━━━━ 43.8/43.8 MB 22.6 MB/s eta 0:00:00
Downloading mpmath-1.3.0-py3-none-any.whl (536 kB)
   ━━━━━━━━━━━━━━━━━━━━━━━━━━━━━━━━━━━━━━━━ 536.2/536.2 kB 65.4 MB/s eta 0:00:00
Using cached mypy_extensions-1.0.0-py3-none-any.whl (4.7 kB)
Using cached ptyprocess-0.7.0-py2.py3-none-any.whl (13 kB)
Downloading python_dotenv-1.0.1-py3-none-any.whl (19 kB)
Downloading uvloop-0.19.0-cp310-cp310-manylinux_2_17_x86_64.manylinux2014_x86_64.whl (3.4 MB)
   ━━━━━━━━━━━━━━━━━━━━━━━━━━━━━━━━━━━━━━━━ 3.4/3.4 MB 57.7 MB/s eta 0:00:00
Downloading watchfiles-0.21.0-cp310-cp310-manylinux_2_17_x86_64.manylinux2014_x86_64.whl (1.3 MB)
   ━━━━━━━━━━━━━━━━━━━━━━━━━━━━━━━━━━━━━━━━ 1.3/1.3 MB 104.6 MB/s eta 0:00:00
Downloading nvidia_nvjitlink_cu12-12.4.127-py3-none-manylinux2014_x86_64.whl (21.1 MB)
   ━━━━━━━━━━━━━━━━━━━━━━━━━━━━━━━━━━━━━━━━ 21.1/21.1 MB 28.4 MB/s eta 0:00:00
Using cached wcwidth-0.2.13-py2.py3-none-any.whl (34 kB)
Downloading cffi-1.16.0-cp310-cp310-manylinux_2_17_x86_64.manylinux2014_x86_64.whl (443 kB)
   ━━━━━━━━━━━━━━━━━━━━━━━━━━━━━━━━━━━━━━━━ 443.9/443.9 kB 61.7 MB/s eta 0:00:00
Downloading webencodings-0.5.1-py2.py3-none-any.whl (11 kB)
Downloading pycparser-2.22-py3-none-any.whl (117 kB)
   ━━━━━━━━━━━━━━━━━━━━━━━━━━━━━━━━━━━━━━━━ 117.6/117.6 kB 21.0 MB/s eta 0:00:00
Building wheels for collected packages: pygltflib
  Building wheel for pygltflib (setup.py): started
  Building wheel for pygltflib (setup.py): finished with status 'done'
  Created wheel for pygltflib: filename=pygltflib-1.16.2-py3-none-any.whl size=27300 sha256=be269e4de1235f1a573a4e305b17e3e0739035d94fc8b8868f55437f34787f00
  Stored in directory: /gpfs/home3/scur2155/.cache/pip/wheels/4a/95/a2/2ee16c602170b0601ebeddbf06597868f09b7dbb0495ae99c4
Successfully built pygltflib
Installing collected packages: webencodings, wcwidth, pytz, pydub, ptyprocess, ninja, mpmath, flatbuffers, filetype, ffmpy, antlr4-python3-runtime, zipp, wrapt, websockets, watchdog, uvloop, urllib3, ujson, tzdata, typing-extensions, tqdm, toolz, tomlkit, threadpoolctl, sympy, sniffio, six, shellingham, semantic-version, safetensors, ruff, rpds-py, regex, PyYAML, python-multipart, python-dotenv, pyparsing, pygments, pycryptodomex, pycparser, psutil, protobuf, platformdirs, pillow, pexpect, packaging, orjson, nvidia-nvtx-cu12, nvidia-nvjitlink-cu12, nvidia-nccl-cu12, nvidia-curand-cu12, nvidia-cufft-cu12, nvidia-cuda-runtime-cu12, nvidia-cuda-nvrtc-cu12, nvidia-cuda-cupti-cu12, nvidia-cublas-cu12, numpy, networkx, mypy-extensions, multidict, mdurl, markupsafe, llvmlite, kiwisolver, joblib, importlib-resources, imageio-ffmpeg, idna, humanfriendly, httptools, h11, fsspec, frozenlist, fonttools, filelock, exceptiongroup, einops, dnspython, decorator, dearpygui, cycler, click, charset-normalizer, certifi, attrs, async-timeout, annotated-types, aiofiles, yarl, xatlas, uvicorn, typing-inspect, triton, trimesh, tifffile, scipy, requests, referencing, python-dateutil, pymeshlab, pydantic-core, plyfile, opencv-python-headless, opencv-python, omegaconf, nvidia-cusparse-cu12, nvidia-cudnn-cu12, numba, marshmallow, markdown-it-py, lazy-loader, jinja2, importlib-metadata, imageio, httpcore, email_validator, deprecated, contourpy, coloredlogs, cffi, blobfile, anyio, aiosignal, watchfiles, starlette, scikit-learn, scikit-image, rich, PyMCubes, pymatting, pydantic, pooch, pandas, onnxruntime-gpu, onnxruntime, nvidia-cusolver-cu12, matplotlib, jsonschema-specifications, huggingface_hub, httpx, dataclasses-json, asyncer, aiohttp, typer, torch, tokenizers, pygltflib, jsonschema, gradio-client, diffusers, transformers, rembg, altair, accelerate, fastapi-cli, fastapi, gradio
Successfully installed PyMCubes-0.1.4 PyYAML-6.0.1 accelerate-0.30.0 aiofiles-23.2.1 aiohttp-3.9.5 aiosignal-1.3.1 altair-5.3.0 annotated-types-0.6.0 antlr4-python3-runtime-4.9.3 anyio-4.3.0 async-timeout-4.0.3 asyncer-0.0.7 attrs-23.2.0 blobfile-2.1.1 certifi-2024.2.2 cffi-1.16.0 charset-normalizer-3.3.2 click-8.1.7 coloredlogs-15.0.1 contourpy-1.2.1 cycler-0.12.1 dataclasses-json-0.6.5 dearpygui-1.11.1 decorator-5.1.1 deprecated-1.2.14 diffusers-0.27.2 dnspython-2.6.1 einops-0.8.0 email_validator-2.1.1 exceptiongroup-1.2.1 fastapi-0.111.0 fastapi-cli-0.0.2 ffmpy-0.3.2 filelock-3.14.0 filetype-1.2.0 flatbuffers-24.3.25 fonttools-4.51.0 frozenlist-1.4.1 fsspec-2024.3.1 gradio-4.29.0 gradio-client-0.16.1 h11-0.14.0 httpcore-1.0.5 httptools-0.6.1 httpx-0.27.0 huggingface_hub-0.23.0 humanfriendly-10.0 idna-3.7 imageio-2.34.1 imageio-ffmpeg-0.4.9 importlib-metadata-7.1.0 importlib-resources-6.4.0 jinja2-3.1.4 joblib-1.4.2 jsonschema-4.22.0 jsonschema-specifications-2023.12.1 kiwisolver-1.4.5 lazy-loader-0.4 llvmlite-0.42.0 markdown-it-py-3.0.0 markupsafe-2.1.5 marshmallow-3.21.2 matplotlib-3.8.4 mdurl-0.1.2 mpmath-1.3.0 multidict-6.0.5 mypy-extensions-1.0.0 networkx-3.3 ninja-1.11.1.1 numba-0.59.1 numpy-1.26.4 nvidia-cublas-cu12-12.1.3.1 nvidia-cuda-cupti-cu12-12.1.105 nvidia-cuda-nvrtc-cu12-12.1.105 nvidia-cuda-runtime-cu12-12.1.105 nvidia-cudnn-cu12-8.9.2.26 nvidia-cufft-cu12-11.0.2.54 nvidia-curand-cu12-10.3.2.106 nvidia-cusolver-cu12-11.4.5.107 nvidia-cusparse-cu12-12.1.0.106 nvidia-nccl-cu12-2.20.5 nvidia-nvjitlink-cu12-12.4.127 nvidia-nvtx-cu12-12.1.105 omegaconf-2.3.0 onnxruntime-1.17.3 onnxruntime-gpu-1.17.1 opencv-python-4.9.0.80 opencv-python-headless-4.9.0.80 orjson-3.10.3 packaging-24.0 pandas-2.2.2 pexpect-4.9.0 pillow-10.3.0 platformdirs-4.2.1 plyfile-1.0.3 pooch-1.8.1 protobuf-5.26.1 psutil-5.9.8 ptyprocess-0.7.0 pycparser-2.22 pycryptodomex-3.20.0 pydantic-2.7.1 pydantic-core-2.18.2 pydub-0.25.1 pygltflib-1.16.2 pygments-2.18.0 pymatting-1.1.12 pymeshlab-2022.2.post3 pyparsing-3.1.2 python-dateutil-2.9.0.post0 python-dotenv-1.0.1 python-multipart-0.0.9 pytz-2024.1 referencing-0.35.1 regex-2024.4.28 rembg-2.0.56 requests-2.31.0 rich-13.7.1 rpds-py-0.18.1 ruff-0.4.3 safetensors-0.4.3 scikit-image-0.23.2 scikit-learn-1.4.2 scipy-1.13.0 semantic-version-2.10.0 shellingham-1.5.4 six-1.16.0 sniffio-1.3.1 starlette-0.37.2 sympy-1.12 threadpoolctl-3.5.0 tifffile-2024.5.3 tokenizers-0.19.1 tomlkit-0.12.0 toolz-0.12.1 torch-2.3.0 tqdm-4.66.4 transformers-4.40.2 trimesh-4.3.2 triton-2.3.0 typer-0.12.3 typing-extensions-4.11.0 typing-inspect-0.9.0 tzdata-2024.1 ujson-5.9.0 urllib3-2.2.1 uvicorn-0.29.0 uvloop-0.19.0 watchdog-4.0.0 watchfiles-0.21.0 wcwidth-0.2.13 webencodings-0.5.1 websockets-11.0.3 wrapt-1.16.0 xatlas-0.0.9 yarl-1.9.4 zipp-3.18.1
Looking in indexes: https://download.pytorch.org/whl/cu117
Collecting torch==2.0.1+cu117
  Using cached https://download.pytorch.org/whl/cu117/torch-2.0.1%2Bcu117-cp310-cp310-linux_x86_64.whl (1843.9 MB)
Collecting torchvision==0.15.2+cu117
  Using cached https://download.pytorch.org/whl/cu117/torchvision-0.15.2%2Bcu117-cp310-cp310-linux_x86_64.whl (6.1 MB)
Collecting torchaudio==2.0.2
  Using cached https://download.pytorch.org/whl/cu117/torchaudio-2.0.2%2Bcu117-cp310-cp310-linux_x86_64.whl (4.4 MB)
Requirement already satisfied: filelock in ./dreamgaussian_env/lib/python3.10/site-packages (from torch==2.0.1+cu117) (3.14.0)
Requirement already satisfied: typing-extensions in ./dreamgaussian_env/lib/python3.10/site-packages (from torch==2.0.1+cu117) (4.11.0)
Requirement already satisfied: sympy in ./dreamgaussian_env/lib/python3.10/site-packages (from torch==2.0.1+cu117) (1.12)
Requirement already satisfied: networkx in ./dreamgaussian_env/lib/python3.10/site-packages (from torch==2.0.1+cu117) (3.3)
Requirement already satisfied: jinja2 in ./dreamgaussian_env/lib/python3.10/site-packages (from torch==2.0.1+cu117) (3.1.4)
Collecting triton==2.0.0 (from torch==2.0.1+cu117)
  Using cached https://download.pytorch.org/whl/triton-2.0.0-1-cp310-cp310-manylinux2014_x86_64.manylinux_2_17_x86_64.whl (63.3 MB)
Requirement already satisfied: numpy in ./dreamgaussian_env/lib/python3.10/site-packages (from torchvision==0.15.2+cu117) (1.26.4)
Requirement already satisfied: requests in ./dreamgaussian_env/lib/python3.10/site-packages (from torchvision==0.15.2+cu117) (2.31.0)
Requirement already satisfied: pillow!=8.3.*,>=5.3.0 in ./dreamgaussian_env/lib/python3.10/site-packages (from torchvision==0.15.2+cu117) (10.3.0)
Collecting cmake (from triton==2.0.0->torch==2.0.1+cu117)
  Using cached https://download.pytorch.org/whl/cmake-3.25.0-py2.py3-none-manylinux_2_17_x86_64.manylinux2014_x86_64.whl (23.7 MB)
Collecting lit (from triton==2.0.0->torch==2.0.1+cu117)
  Using cached lit-15.0.7-py3-none-any.whl
Requirement already satisfied: MarkupSafe>=2.0 in ./dreamgaussian_env/lib/python3.10/site-packages (from jinja2->torch==2.0.1+cu117) (2.1.5)
Requirement already satisfied: charset-normalizer<4,>=2 in ./dreamgaussian_env/lib/python3.10/site-packages (from requests->torchvision==0.15.2+cu117) (3.3.2)
Requirement already satisfied: idna<4,>=2.5 in ./dreamgaussian_env/lib/python3.10/site-packages (from requests->torchvision==0.15.2+cu117) (3.7)
Requirement already satisfied: urllib3<3,>=1.21.1 in ./dreamgaussian_env/lib/python3.10/site-packages (from requests->torchvision==0.15.2+cu117) (2.2.1)
Requirement already satisfied: certifi>=2017.4.17 in ./dreamgaussian_env/lib/python3.10/site-packages (from requests->torchvision==0.15.2+cu117) (2024.2.2)
Requirement already satisfied: mpmath>=0.19 in ./dreamgaussian_env/lib/python3.10/site-packages (from sympy->torch==2.0.1+cu117) (1.3.0)
Installing collected packages: lit, cmake, triton, torch, torchvision, torchaudio
  Attempting uninstall: triton
    Found existing installation: triton 2.3.0
    Uninstalling triton-2.3.0:
      Successfully uninstalled triton-2.3.0
  Attempting uninstall: torch
    Found existing installation: torch 2.3.0
    Uninstalling torch-2.3.0:
      Successfully uninstalled torch-2.3.0
Successfully installed cmake-3.25.0 lit-15.0.7 torch-2.0.1+cu117 torchaudio-2.0.2+cu117 torchvision-0.15.2+cu117 triton-2.0.0
Cloning into 'diff-gaussian-rasterization'...
Submodule 'third_party/glm' (https://github.com/g-truc/glm.git) registered for path 'third_party/glm'
Cloning into '/gpfs/home3/scur2155/CV2/UVA-CV2-Project/diff-gaussian-rasterization/third_party/glm'...
Submodule path 'third_party/glm': checked out '5c46b9c07008ae65cb81ab79cd677ecc1934b903'
Processing ./diff-gaussian-rasterization
  Preparing metadata (setup.py): started
  Preparing metadata (setup.py): finished with status 'done'
Building wheels for collected packages: diff_gaussian_rasterization
  Building wheel for diff_gaussian_rasterization (setup.py): started
  Building wheel for diff_gaussian_rasterization (setup.py): still running...
  Building wheel for diff_gaussian_rasterization (setup.py): finished with status 'done'
  Created wheel for diff_gaussian_rasterization: filename=diff_gaussian_rasterization-0.0.0-cp310-cp310-linux_x86_64.whl size=3006752 sha256=fe47d3bc85322fc6298c346352cf17e9677f118d0d8a5812fe137af3dd4d0a0a
  Stored in directory: /gpfs/home3/scur2155/.cache/pip/wheels/29/96/d1/cef71467f06e33f22d7a171cfd252db86e9af1102202145c94
Successfully built diff_gaussian_rasterization
Installing collected packages: diff_gaussian_rasterization
Successfully installed diff_gaussian_rasterization-0.0.0
Collecting git+https://github.com/NVlabs/nvdiffrast/
  Cloning https://github.com/NVlabs/nvdiffrast/ to /gpfs/scratch1/nodespecific/gcn20/scur2155.6168107/pip-req-build-zdws2gl7
  Running command git clone --filter=blob:none --quiet https://github.com/NVlabs/nvdiffrast/ /gpfs/scratch1/nodespecific/gcn20/scur2155.6168107/pip-req-build-zdws2gl7
  Resolved https://github.com/NVlabs/nvdiffrast/ to commit c5caf7bdb8a2448acc491a9faa47753972edd380
  Preparing metadata (setup.py): started
  Preparing metadata (setup.py): finished with status 'done'
Requirement already satisfied: numpy in ./dreamgaussian_env/lib/python3.10/site-packages (from nvdiffrast==0.3.1) (1.26.4)
Building wheels for collected packages: nvdiffrast
  Building wheel for nvdiffrast (setup.py): started
  Building wheel for nvdiffrast (setup.py): finished with status 'done'
  Created wheel for nvdiffrast: filename=nvdiffrast-0.3.1-py3-none-any.whl size=137847 sha256=98589bb78193cdd70591eb5373c591e19b163febc85ad3789a78b7ef80ff86bf
  Stored in directory: /gpfs/scratch1/nodespecific/gcn20/scur2155.6168107/pip-ephem-wheel-cache-ug9prxlg/wheels/4f/a3/e6/b3dbfa8dd5aebc3efe7b2ecb646ad1037fb3ab27ef7d6e6d02
Successfully built nvdiffrast
Installing collected packages: nvdiffrast
Successfully installed nvdiffrast-0.3.1
Collecting git+https://github.com/ashawkey/kiuikit
  Cloning https://github.com/ashawkey/kiuikit to /gpfs/scratch1/nodespecific/gcn20/scur2155.6168107/pip-req-build-uoxlzr5g
  Running command git clone --filter=blob:none --quiet https://github.com/ashawkey/kiuikit /gpfs/scratch1/nodespecific/gcn20/scur2155.6168107/pip-req-build-uoxlzr5g
  Resolved https://github.com/ashawkey/kiuikit to commit 3c7ecb2a9510e7979bbf947d6ca723c17b075c4f
  Preparing metadata (setup.py): started
  Preparing metadata (setup.py): finished with status 'done'
Requirement already satisfied: lazy_loader in ./dreamgaussian_env/lib/python3.10/site-packages (from kiui==0.2.8) (0.4)
Collecting varname (from kiui==0.2.8)
  Downloading varname-0.13.1-py3-none-any.whl.metadata (12 kB)
Collecting objprint (from kiui==0.2.8)
  Downloading objprint-0.2.3-py3-none-any.whl.metadata (25 kB)
Requirement already satisfied: packaging in ./dreamgaussian_env/lib/python3.10/site-packages (from lazy_loader->kiui==0.2.8) (24.0)
Collecting executing<3.0,>=2.0 (from varname->kiui==0.2.8)
  Using cached executing-2.0.1-py2.py3-none-any.whl.metadata (9.0 kB)
Downloading objprint-0.2.3-py3-none-any.whl (39 kB)
Downloading varname-0.13.1-py3-none-any.whl (24 kB)
Using cached executing-2.0.1-py2.py3-none-any.whl (24 kB)
Building wheels for collected packages: kiui
  Building wheel for kiui (setup.py): started
  Building wheel for kiui (setup.py): finished with status 'done'
  Created wheel for kiui: filename=kiui-0.2.8-py3-none-any.whl size=3082482 sha256=81e9d2d80b4b80af1317906d6de27445a499083a8b3a736a8d55d7237a871a8e
  Stored in directory: /gpfs/scratch1/nodespecific/gcn20/scur2155.6168107/pip-ephem-wheel-cache-jj6oi7ge/wheels/19/e9/b7/b1fe28377cdf697ff2c4800908908bbb0796c4d3608b5c60aa
Successfully built kiui
Installing collected packages: objprint, executing, varname, kiui
  Attempting uninstall: executing
    Found existing installation: executing 1.0.0
    Not uninstalling executing at /gpfs/admin/_hpc/sw/arch/INTEL-AVX512/RHEL8/EB_production/2022/software/IPython/8.5.0-GCCcore-11.3.0/lib/python3.10/site-packages, outside environment /gpfs/home3/scur2155/CV2/UVA-CV2-Project/dreamgaussian_env
    Can't uninstall 'executing'. No files were found to uninstall.
Successfully installed executing-2.0.1 kiui-0.2.8 objprint-0.2.3 varname-0.13.1
Looking in indexes: https://download.pytorch.org/whl/cu117
Requirement already satisfied: torch==2.0.1+cu117 in ./dreamgaussian_env/lib/python3.10/site-packages (2.0.1+cu117)
Requirement already satisfied: torchvision==0.15.2+cu117 in ./dreamgaussian_env/lib/python3.10/site-packages (0.15.2+cu117)
Requirement already satisfied: torchaudio==2.0.2 in ./dreamgaussian_env/lib/python3.10/site-packages (2.0.2+cu117)
Requirement already satisfied: filelock in ./dreamgaussian_env/lib/python3.10/site-packages (from torch==2.0.1+cu117) (3.14.0)
Requirement already satisfied: typing-extensions in ./dreamgaussian_env/lib/python3.10/site-packages (from torch==2.0.1+cu117) (4.11.0)
Requirement already satisfied: sympy in ./dreamgaussian_env/lib/python3.10/site-packages (from torch==2.0.1+cu117) (1.12)
Requirement already satisfied: networkx in ./dreamgaussian_env/lib/python3.10/site-packages (from torch==2.0.1+cu117) (3.3)
Requirement already satisfied: jinja2 in ./dreamgaussian_env/lib/python3.10/site-packages (from torch==2.0.1+cu117) (3.1.4)
Requirement already satisfied: triton==2.0.0 in ./dreamgaussian_env/lib/python3.10/site-packages (from torch==2.0.1+cu117) (2.0.0)
Requirement already satisfied: numpy in ./dreamgaussian_env/lib/python3.10/site-packages (from torchvision==0.15.2+cu117) (1.26.4)
Requirement already satisfied: requests in ./dreamgaussian_env/lib/python3.10/site-packages (from torchvision==0.15.2+cu117) (2.31.0)
Requirement already satisfied: pillow!=8.3.*,>=5.3.0 in ./dreamgaussian_env/lib/python3.10/site-packages (from torchvision==0.15.2+cu117) (10.3.0)
Requirement already satisfied: cmake in ./dreamgaussian_env/lib/python3.10/site-packages (from triton==2.0.0->torch==2.0.1+cu117) (3.25.0)
Requirement already satisfied: lit in ./dreamgaussian_env/lib/python3.10/site-packages (from triton==2.0.0->torch==2.0.1+cu117) (15.0.7)
Requirement already satisfied: MarkupSafe>=2.0 in ./dreamgaussian_env/lib/python3.10/site-packages (from jinja2->torch==2.0.1+cu117) (2.1.5)
Requirement already satisfied: charset-normalizer<4,>=2 in ./dreamgaussian_env/lib/python3.10/site-packages (from requests->torchvision==0.15.2+cu117) (3.3.2)
Requirement already satisfied: idna<4,>=2.5 in ./dreamgaussian_env/lib/python3.10/site-packages (from requests->torchvision==0.15.2+cu117) (3.7)
Requirement already satisfied: urllib3<3,>=1.21.1 in ./dreamgaussian_env/lib/python3.10/site-packages (from requests->torchvision==0.15.2+cu117) (2.2.1)
Requirement already satisfied: certifi>=2017.4.17 in ./dreamgaussian_env/lib/python3.10/site-packages (from requests->torchvision==0.15.2+cu117) (2024.2.2)
Requirement already satisfied: mpmath>=0.19 in ./dreamgaussian_env/lib/python3.10/site-packages (from sympy->torch==2.0.1+cu117) (1.3.0)
Collecting git+https://github.com/bytedance/MVDream
  Cloning https://github.com/bytedance/MVDream to /gpfs/scratch1/nodespecific/gcn20/scur2155.6168107/pip-req-build-k8gmkq30
  Running command git clone --filter=blob:none --quiet https://github.com/bytedance/MVDream /gpfs/scratch1/nodespecific/gcn20/scur2155.6168107/pip-req-build-k8gmkq30
  Resolved https://github.com/bytedance/MVDream to commit 618f84476c88e04adaf588133be2830142b9956d
  Preparing metadata (setup.py): started
  Preparing metadata (setup.py): finished with status 'done'
Requirement already satisfied: torch in ./dreamgaussian_env/lib/python3.10/site-packages (from mvdream==0.0.1) (2.0.1+cu117)
Requirement already satisfied: numpy in ./dreamgaussian_env/lib/python3.10/site-packages (from mvdream==0.0.1) (1.26.4)
Requirement already satisfied: tqdm in ./dreamgaussian_env/lib/python3.10/site-packages (from mvdream==0.0.1) (4.66.4)
Requirement already satisfied: omegaconf in ./dreamgaussian_env/lib/python3.10/site-packages (from mvdream==0.0.1) (2.3.0)
Requirement already satisfied: einops in ./dreamgaussian_env/lib/python3.10/site-packages (from mvdream==0.0.1) (0.8.0)
Requirement already satisfied: huggingface_hub in ./dreamgaussian_env/lib/python3.10/site-packages (from mvdream==0.0.1) (0.23.0)
Requirement already satisfied: transformers in ./dreamgaussian_env/lib/python3.10/site-packages (from mvdream==0.0.1) (4.40.2)
Collecting open-clip-torch (from mvdream==0.0.1)
  Downloading open_clip_torch-2.24.0-py3-none-any.whl.metadata (30 kB)
Requirement already satisfied: filelock in ./dreamgaussian_env/lib/python3.10/site-packages (from huggingface_hub->mvdream==0.0.1) (3.14.0)
Requirement already satisfied: fsspec>=2023.5.0 in ./dreamgaussian_env/lib/python3.10/site-packages (from huggingface_hub->mvdream==0.0.1) (2024.3.1)
Requirement already satisfied: packaging>=20.9 in ./dreamgaussian_env/lib/python3.10/site-packages (from huggingface_hub->mvdream==0.0.1) (24.0)
Requirement already satisfied: pyyaml>=5.1 in ./dreamgaussian_env/lib/python3.10/site-packages (from huggingface_hub->mvdream==0.0.1) (6.0.1)
Requirement already satisfied: requests in ./dreamgaussian_env/lib/python3.10/site-packages (from huggingface_hub->mvdream==0.0.1) (2.31.0)
Requirement already satisfied: typing-extensions>=3.7.4.3 in ./dreamgaussian_env/lib/python3.10/site-packages (from huggingface_hub->mvdream==0.0.1) (4.11.0)
Requirement already satisfied: antlr4-python3-runtime==4.9.* in ./dreamgaussian_env/lib/python3.10/site-packages (from omegaconf->mvdream==0.0.1) (4.9.3)
Requirement already satisfied: torchvision in ./dreamgaussian_env/lib/python3.10/site-packages (from open-clip-torch->mvdream==0.0.1) (0.15.2+cu117)
Requirement already satisfied: regex in ./dreamgaussian_env/lib/python3.10/site-packages (from open-clip-torch->mvdream==0.0.1) (2024.4.28)
Collecting ftfy (from open-clip-torch->mvdream==0.0.1)
  Using cached ftfy-6.2.0-py3-none-any.whl.metadata (7.3 kB)
Collecting sentencepiece (from open-clip-torch->mvdream==0.0.1)
  Using cached sentencepiece-0.2.0-cp310-cp310-manylinux_2_17_x86_64.manylinux2014_x86_64.whl.metadata (7.7 kB)
Requirement already satisfied: protobuf in ./dreamgaussian_env/lib/python3.10/site-packages (from open-clip-torch->mvdream==0.0.1) (5.26.1)
Collecting timm (from open-clip-torch->mvdream==0.0.1)
  Downloading timm-0.9.16-py3-none-any.whl.metadata (38 kB)
Requirement already satisfied: sympy in ./dreamgaussian_env/lib/python3.10/site-packages (from torch->mvdream==0.0.1) (1.12)
Requirement already satisfied: networkx in ./dreamgaussian_env/lib/python3.10/site-packages (from torch->mvdream==0.0.1) (3.3)
Requirement already satisfied: jinja2 in ./dreamgaussian_env/lib/python3.10/site-packages (from torch->mvdream==0.0.1) (3.1.4)
Requirement already satisfied: triton==2.0.0 in ./dreamgaussian_env/lib/python3.10/site-packages (from torch->mvdream==0.0.1) (2.0.0)
Requirement already satisfied: cmake in ./dreamgaussian_env/lib/python3.10/site-packages (from triton==2.0.0->torch->mvdream==0.0.1) (3.25.0)
Requirement already satisfied: lit in ./dreamgaussian_env/lib/python3.10/site-packages (from triton==2.0.0->torch->mvdream==0.0.1) (15.0.7)
Requirement already satisfied: tokenizers<0.20,>=0.19 in ./dreamgaussian_env/lib/python3.10/site-packages (from transformers->mvdream==0.0.1) (0.19.1)
Requirement already satisfied: safetensors>=0.4.1 in ./dreamgaussian_env/lib/python3.10/site-packages (from transformers->mvdream==0.0.1) (0.4.3)
Requirement already satisfied: wcwidth<0.3.0,>=0.2.12 in ./dreamgaussian_env/lib/python3.10/site-packages (from ftfy->open-clip-torch->mvdream==0.0.1) (0.2.13)
Requirement already satisfied: MarkupSafe>=2.0 in ./dreamgaussian_env/lib/python3.10/site-packages (from jinja2->torch->mvdream==0.0.1) (2.1.5)
Requirement already satisfied: charset-normalizer<4,>=2 in ./dreamgaussian_env/lib/python3.10/site-packages (from requests->huggingface_hub->mvdream==0.0.1) (3.3.2)
Requirement already satisfied: idna<4,>=2.5 in ./dreamgaussian_env/lib/python3.10/site-packages (from requests->huggingface_hub->mvdream==0.0.1) (3.7)
Requirement already satisfied: urllib3<3,>=1.21.1 in ./dreamgaussian_env/lib/python3.10/site-packages (from requests->huggingface_hub->mvdream==0.0.1) (2.2.1)
Requirement already satisfied: certifi>=2017.4.17 in ./dreamgaussian_env/lib/python3.10/site-packages (from requests->huggingface_hub->mvdream==0.0.1) (2024.2.2)
Requirement already satisfied: mpmath>=0.19 in ./dreamgaussian_env/lib/python3.10/site-packages (from sympy->torch->mvdream==0.0.1) (1.3.0)
Requirement already satisfied: pillow!=8.3.*,>=5.3.0 in ./dreamgaussian_env/lib/python3.10/site-packages (from torchvision->open-clip-torch->mvdream==0.0.1) (10.3.0)
Downloading open_clip_torch-2.24.0-py3-none-any.whl (1.5 MB)
   ━━━━━━━━━━━━━━━━━━━━━━━━━━━━━━━━━━━━━━━━ 1.5/1.5 MB 105.9 MB/s eta 0:00:00
Using cached ftfy-6.2.0-py3-none-any.whl (54 kB)
Using cached sentencepiece-0.2.0-cp310-cp310-manylinux_2_17_x86_64.manylinux2014_x86_64.whl (1.3 MB)
Downloading timm-0.9.16-py3-none-any.whl (2.2 MB)
   ━━━━━━━━━━━━━━━━━━━━━━━━━━━━━━━━━━━━━━━━ 2.2/2.2 MB 107.9 MB/s eta 0:00:00
Building wheels for collected packages: mvdream
  Building wheel for mvdream (setup.py): started
  Building wheel for mvdream (setup.py): finished with status 'done'
  Created wheel for mvdream: filename=mvdream-0.0.1-py3-none-any.whl size=40718 sha256=4fb3d91921343e135724fa54789f4038332c6a419604014cec1eaeef5a49fcc9
  Stored in directory: /gpfs/scratch1/nodespecific/gcn20/scur2155.6168107/pip-ephem-wheel-cache-e30khrs6/wheels/b2/a0/4b/86d2e1e7cdd2d7132bc9f08bc280d7bca1c8b02b6010927686
Successfully built mvdream
Installing collected packages: sentencepiece, ftfy, timm, open-clip-torch, mvdream
Successfully installed ftfy-6.2.0 mvdream-0.0.1 open-clip-torch-2.24.0 sentencepiece-0.2.0 timm-0.9.16

JOB STATISTICS
==============
Job ID: 6168107
Cluster: snellius
User/Group: scur2155/scur2155
State: RUNNING
Nodes: 1
Cores per node: 18
CPU Utilized: 00:00:00
CPU Efficiency: 0.00% of 02:23:24 core-walltime
Job Wall-clock time: 00:07:58
Memory Utilized: 0.00 MB (estimated maximum)
Memory Efficiency: 0.00% of 120.00 GB (120.00 GB/node)
WARNING: Efficiency statistics may be misleading for RUNNING jobs.
